#
# There is insufficient memory for the Java Runtime Environment to continue.
# Native memory allocation (malloc) failed to allocate 1048576 bytes for AllocateHeap
# Possible reasons:
#   The system is out of physical RAM or swap space
#   The process is running with CompressedOops enabled, and the Java Heap may be blocking the growth of the native heap
# Possible solutions:
#   Reduce memory load on the system
#   Increase physical memory or swap space
#   Check if swap backing store is full
#   Decrease Java heap size (-Xmx/-Xms)
#   Decrease number of Java threads
#   Decrease Java thread stack sizes (-Xss)
#   Set larger code cache with -XX:ReservedCodeCacheSize=
#   JVM is running with Zero Based Compressed Oops mode in which the Java heap is
#     placed in the first 32GB address space. The Java Heap base address is the
#     maximum limit for the native heap growth. Please use -XX:HeapBaseMinAddress
#     to set the Java Heap base and to place the Java Heap above 32GB virtual address.
# This output file may be truncated or incomplete.
#
#  Out of Memory Error (./open/src/hotspot/share/memory/allocation.cpp:44), pid=27024, tid=24904
#
# JRE version: Java(TM) SE Runtime Environment (14.0.2+12) (build 14.0.2+12-46)
# Java VM: Java HotSpot(TM) 64-Bit Server VM (14.0.2+12-46, mixed mode, sharing, tiered, compressed oops, g1 gc, windows-amd64)
# No core dump will be written. Minidumps are not enabled by default on client versions of Windows
#

---------------  S U M M A R Y ------------

Command Line: -Dfile.encoding=Cp1252 -XX:+ShowCodeDetailsInExceptionMessages Main.Main

Host: Intel(R) Core(TM) i3 CPU         550  @ 3.20GHz, 4 cores, 9G,  Windows 10 , 64 bit Build 19041 (10.0.19041.1889)
Time: Sat Oct 29 15:04:40 2022 GMT Summer Time elapsed time: 1 seconds (0d 0h 0m 1s)

---------------  T H R E A D  ---------------

Current thread (0x00000273ecf26800):  VMThread "VM Thread" [stack: 0x000000826d000000,0x000000826d100000] [id=24904]

Stack: [0x000000826d000000,0x000000826d100000]
[error occurred during error reporting (printing stack bounds), id 0xc0000005, EXCEPTION_ACCESS_VIOLATION (0xc0000005) at pc=0x00000273d5bc10bd]

Native frames: (J=compiled Java code, j=interpreted, Vv=VM code, C=native code)
V  [jvm.dll+0x5f8a9a]
V  [jvm.dll+0x74247a]
V  [jvm.dll+0x743c2f]
V  [jvm.dll+0x7441d5]
V  [jvm.dll+0x74418b]
V  [jvm.dll+0x5f7f6f]
V  [jvm.dll+0x5f8738]
C  [ntdll.dll+0xa241f]
C  [ntdll.dll+0x514a4]
C  [ntdll.dll+0xa0f4e]
C  0x00000273d5bc10bd

VM_Operation (0x000000826e5fdea0): CollectForMetadataAllocation, mode: safepoint, requested by thread 0x00000273ee6c8000


---------------  P R O C E S S  ---------------

Threads class SMR info:
_java_thread_list=0x00000273ee68aaa0, length=17, elements={
0x00000273ecf29800, 0x00000273ecf2a800, 0x00000273ecf48800, 0x00000273ecf4c800,
0x00000273ecf4d800, 0x00000273ecf59000, 0x00000273ecf67000, 0x00000273ed878800,
0x00000273ed9b5000, 0x00000273ed9a9000, 0x00000273edbd3800, 0x00000273edbd8800,
0x00000273edbde000, 0x00000273ee677000, 0x00000273ee6c8000, 0x00000273cd409800,
0x00000273ed9b6000
}

Java Threads: ( => current thread )
  0x00000273ecf29800 JavaThread "Reference Handler" daemon [_thread_blocked, id=24884, stack(0x000000826d100000,0x000000826d200000)]
  0x00000273ecf2a800 JavaThread "Finalizer" daemon [_thread_blocked, id=27416, stack(0x000000826d200000,0x000000826d300000)]
  0x00000273ecf48800 JavaThread "Signal Dispatcher" daemon [_thread_blocked, id=28396, stack(0x000000826d300000,0x000000826d400000)]
  0x00000273ecf4c800 JavaThread "Attach Listener" daemon [_thread_blocked, id=28204, stack(0x000000826d400000,0x000000826d500000)]
  0x00000273ecf4d800 JavaThread "Service Thread" daemon [_thread_blocked, id=28540, stack(0x000000826d500000,0x000000826d600000)]
  0x00000273ecf59000 JavaThread "C2 CompilerThread0" daemon [_thread_blocked, id=27308, stack(0x000000826d600000,0x000000826d700000)]
  0x00000273ecf67000 JavaThread "C1 CompilerThread0" daemon [_thread_blocked, id=27680, stack(0x000000826d700000,0x000000826d800000)]
  0x00000273ed878800 JavaThread "Sweeper thread" daemon [_thread_blocked, id=27232, stack(0x000000826d800000,0x000000826d900000)]
  0x00000273ed9b5000 JavaThread "Notification Thread" daemon [_thread_blocked, id=24720, stack(0x000000826d900000,0x000000826da00000)]
  0x00000273ed9a9000 JavaThread "Common-Cleaner" daemon [_thread_blocked, id=28040, stack(0x000000826db00000,0x000000826dc00000)]
  0x00000273edbd3800 JavaThread "Java2D Disposer" daemon [_thread_blocked, id=19344, stack(0x000000826dc00000,0x000000826dd00000)]
  0x00000273edbd8800 JavaThread "AWT-Shutdown" [_thread_blocked, id=27500, stack(0x000000826dd00000,0x000000826de00000)]
  0x00000273edbde000 JavaThread "AWT-Windows" daemon [_thread_blocked, id=21036, stack(0x000000826de00000,0x000000826df00000)]
  0x00000273ee677000 JavaThread "Image Fetcher 0" daemon [_thread_blocked, id=28108, stack(0x000000826e100000,0x000000826e200000)]
  0x00000273ee6c8000 JavaThread "AWT-EventQueue-0" [_thread_blocked, id=25112, stack(0x000000826e500000,0x000000826e600000)]
  0x00000273cd409800 JavaThread "DestroyJavaVM" [_thread_blocked, id=26760, stack(0x000000826ca00000,0x000000826cb00000)]
  0x00000273ed9b6000 JavaThread "D3D Screen Updater" daemon [_thread_blocked, id=21788, stack(0x000000826e600000,0x000000826e700000)]

Other Threads:
=>0x00000273ecf26800 VMThread "VM Thread" [stack: 0x000000826d000000,0x000000826d100000] [id=24904]
  0x00000273ed9b7800 WatcherThread [stack: 0x000000826da00000,0x000000826db00000] [id=28152]
  0x00000273cd459000 GCTaskThread "GC Thread#0" [stack: 0x000000826cb00000,0x000000826cc00000] [id=26912]
  0x00000273ee6a0800 GCTaskThread "GC Thread#1" [stack: 0x000000826e200000,0x000000826e300000] [id=28276]
  0x00000273ee6a9000 GCTaskThread "GC Thread#2" [stack: 0x000000826e300000,0x000000826e400000] [id=28528]
  0x00000273ee6aa000 GCTaskThread "GC Thread#3" [stack: 0x000000826e400000,0x000000826e500000] [id=27384]
  0x00000273cd470000 ConcurrentGCThread "G1 Main Marker" [stack: 0x000000826cc00000,0x000000826cd00000] [id=26136]
  0x00000273cd471800 ConcurrentGCThread "G1 Conc#0" [stack: 0x000000826cd00000,0x000000826ce00000] [id=28128]
  0x00000273ecd9c800 ConcurrentGCThread "G1 Refine#0" [stack: 0x000000826ce00000,0x000000826cf00000] [id=27816]
  0x00000273ecd9d800 ConcurrentGCThread "G1 Young RemSet Sampling" [stack: 0x000000826cf00000,0x000000826d000000] [id=28088]

Threads with active compile tasks:

VM state:at safepoint (normal execution)

VM Mutex/Monitor currently owned by a thread:  ([mutex/lock_event])
[0x00000273cd405d00] Threads_lock - owner thread: 0x00000273ecf26800
[0x00000273cd405e20] Heap_lock - owner thread: 0x00000273ee6c8000

Heap address: 0x0000000761200000, size: 2542 MB, Compressed Oops mode: Zero based, Oop shift amount: 3
Narrow klass base: 0x0000000800000000, Narrow klass shift: 3
Compressed class space size: 1073741824 Address: 0x0000000800b30000

Heap:
 garbage-first heap   total 163840K, used 12964K [0x0000000761200000, 0x0000000800000000)
  region size 1024K, 2 young (2048K), 2 survivors (2048K)
 Metaspace       used 6798K, capacity 6963K, committed 7040K, reserved 1064960K
  class space    used 781K, capacity 881K, committed 896K, reserved 1048576K
Heap Regions: E=young(eden), S=young(survivor), O=old, HS=humongous(starts), HC=humongous(continues), CS=collection set, F=free, OA=open archive, CA=closed archive, TAMS=top-at-mark-start (previous, next)
|   0|0x0000000761200000, 0x0000000761300000, 0x0000000761300000|100%|HS|  |TAMS 0x0000000761200000, 0x0000000761300000| Complete 
|   1|0x0000000761300000, 0x0000000761400000, 0x0000000761400000|100%|HC|  |TAMS 0x0000000761300000, 0x0000000761400000| Complete 
|   2|0x0000000761400000, 0x0000000761500000, 0x0000000761500000|100%|HC|  |TAMS 0x0000000761400000, 0x0000000761500000| Complete 
|   3|0x0000000761500000, 0x0000000761600000, 0x0000000761600000|100%|HC|  |TAMS 0x0000000761500000, 0x0000000761600000| Complete 
|   4|0x0000000761600000, 0x0000000761700000, 0x0000000761700000|100%|HC|  |TAMS 0x0000000761600000, 0x0000000761700000| Complete 
|   5|0x0000000761700000, 0x0000000761800000, 0x0000000761800000|100%|HC|  |TAMS 0x0000000761700000, 0x0000000761800000| Complete 
|   6|0x0000000761800000, 0x0000000761900000, 0x0000000761900000|100%|HC|  |TAMS 0x0000000761800000, 0x0000000761900000| Complete 
|   7|0x0000000761900000, 0x0000000761a00000, 0x0000000761a00000|100%|HC|  |TAMS 0x0000000761900000, 0x0000000761a00000| Complete 
|   8|0x0000000761a00000, 0x0000000761b00000, 0x0000000761b00000|100%|HC|  |TAMS 0x0000000761a00000, 0x0000000761b00000| Complete 
|   9|0x0000000761b00000, 0x0000000761c00000, 0x0000000761c00000|100%|HC|  |TAMS 0x0000000761b00000, 0x0000000761c00000| Complete 
|  10|0x0000000761c00000, 0x0000000761d00000, 0x0000000761d00000|100%|HC|  |TAMS 0x0000000761c00000, 0x0000000761d00000| Complete 
|  11|0x0000000761d00000, 0x0000000761d00000, 0x0000000761e00000|  0%| F|  |TAMS 0x0000000761d00000, 0x0000000761d00000| Untracked 
|  12|0x0000000761e00000, 0x0000000761e00000, 0x0000000761f00000|  0%| F|  |TAMS 0x0000000761e00000, 0x0000000761e00000| Untracked 
|  13|0x0000000761f00000, 0x0000000761f00000, 0x0000000762000000|  0%| F|  |TAMS 0x0000000761f00000, 0x0000000761f00000| Untracked 
|  14|0x0000000762000000, 0x0000000762000000, 0x0000000762100000|  0%| F|  |TAMS 0x0000000762000000, 0x0000000762000000| Untracked 
|  15|0x0000000762100000, 0x0000000762100000, 0x0000000762200000|  0%| F|  |TAMS 0x0000000762100000, 0x0000000762100000| Untracked 
|  16|0x0000000762200000, 0x0000000762200000, 0x0000000762300000|  0%| F|  |TAMS 0x0000000762200000, 0x0000000762200000| Untracked 
|  17|0x0000000762300000, 0x0000000762300000, 0x0000000762400000|  0%| F|  |TAMS 0x0000000762300000, 0x0000000762300000| Untracked 
|  18|0x0000000762400000, 0x0000000762400000, 0x0000000762500000|  0%| F|  |TAMS 0x0000000762400000, 0x0000000762400000| Untracked 
|  19|0x0000000762500000, 0x0000000762500000, 0x0000000762600000|  0%| F|  |TAMS 0x0000000762500000, 0x0000000762500000| Untracked 
|  20|0x0000000762600000, 0x0000000762600000, 0x0000000762700000|  0%| F|  |TAMS 0x0000000762600000, 0x0000000762600000| Untracked 
|  21|0x0000000762700000, 0x0000000762700000, 0x0000000762800000|  0%| F|  |TAMS 0x0000000762700000, 0x0000000762700000| Untracked 
|  22|0x0000000762800000, 0x0000000762800000, 0x0000000762900000|  0%| F|  |TAMS 0x0000000762800000, 0x0000000762800000| Untracked 
|  23|0x0000000762900000, 0x0000000762900000, 0x0000000762a00000|  0%| F|  |TAMS 0x0000000762900000, 0x0000000762900000| Untracked 
|  24|0x0000000762a00000, 0x0000000762a00000, 0x0000000762b00000|  0%| F|  |TAMS 0x0000000762a00000, 0x0000000762a00000| Untracked 
|  25|0x0000000762b00000, 0x0000000762b00000, 0x0000000762c00000|  0%| F|  |TAMS 0x0000000762b00000, 0x0000000762b00000| Untracked 
|  26|0x0000000762c00000, 0x0000000762c00000, 0x0000000762d00000|  0%| F|  |TAMS 0x0000000762c00000, 0x0000000762c00000| Untracked 
|  27|0x0000000762d00000, 0x0000000762d00000, 0x0000000762e00000|  0%| F|  |TAMS 0x0000000762d00000, 0x0000000762d00000| Untracked 
|  28|0x0000000762e00000, 0x0000000762e00000, 0x0000000762f00000|  0%| F|  |TAMS 0x0000000762e00000, 0x0000000762e00000| Untracked 
|  29|0x0000000762f00000, 0x0000000762f00000, 0x0000000763000000|  0%| F|  |TAMS 0x0000000762f00000, 0x0000000762f00000| Untracked 
|  30|0x0000000763000000, 0x0000000763000000, 0x0000000763100000|  0%| F|  |TAMS 0x0000000763000000, 0x0000000763000000| Untracked 
|  31|0x0000000763100000, 0x0000000763100000, 0x0000000763200000|  0%| F|  |TAMS 0x0000000763100000, 0x0000000763100000| Untracked 
|  32|0x0000000763200000, 0x0000000763200000, 0x0000000763300000|  0%| F|  |TAMS 0x0000000763200000, 0x0000000763200000| Untracked 
|  33|0x0000000763300000, 0x0000000763300000, 0x0000000763400000|  0%| F|  |TAMS 0x0000000763300000, 0x0000000763300000| Untracked 
|  34|0x0000000763400000, 0x0000000763400000, 0x0000000763500000|  0%| F|  |TAMS 0x0000000763400000, 0x0000000763400000| Untracked 
|  35|0x0000000763500000, 0x0000000763500000, 0x0000000763600000|  0%| F|  |TAMS 0x0000000763500000, 0x0000000763500000| Untracked 
|  36|0x0000000763600000, 0x0000000763600000, 0x0000000763700000|  0%| F|  |TAMS 0x0000000763600000, 0x0000000763600000| Untracked 
|  37|0x0000000763700000, 0x0000000763700000, 0x0000000763800000|  0%| F|  |TAMS 0x0000000763700000, 0x0000000763700000| Untracked 
|  38|0x0000000763800000, 0x0000000763800000, 0x0000000763900000|  0%| F|  |TAMS 0x0000000763800000, 0x0000000763800000| Untracked 
|  39|0x0000000763900000, 0x0000000763900000, 0x0000000763a00000|  0%| F|  |TAMS 0x0000000763900000, 0x0000000763900000| Untracked 
|  40|0x0000000763a00000, 0x0000000763a00000, 0x0000000763b00000|  0%| F|  |TAMS 0x0000000763a00000, 0x0000000763a00000| Untracked 
|  41|0x0000000763b00000, 0x0000000763b00000, 0x0000000763c00000|  0%| F|  |TAMS 0x0000000763b00000, 0x0000000763b00000| Untracked 
|  42|0x0000000763c00000, 0x0000000763c00000, 0x0000000763d00000|  0%| F|  |TAMS 0x0000000763c00000, 0x0000000763c00000| Untracked 
|  43|0x0000000763d00000, 0x0000000763d00000, 0x0000000763e00000|  0%| F|  |TAMS 0x0000000763d00000, 0x0000000763d00000| Untracked 
|  44|0x0000000763e00000, 0x0000000763e00000, 0x0000000763f00000|  0%| F|  |TAMS 0x0000000763e00000, 0x0000000763e00000| Untracked 
|  45|0x0000000763f00000, 0x0000000763f00000, 0x0000000764000000|  0%| F|  |TAMS 0x0000000763f00000, 0x0000000763f00000| Untracked 
|  46|0x0000000764000000, 0x0000000764000000, 0x0000000764100000|  0%| F|  |TAMS 0x0000000764000000, 0x0000000764000000| Untracked 
|  47|0x0000000764100000, 0x0000000764100000, 0x0000000764200000|  0%| F|  |TAMS 0x0000000764100000, 0x0000000764100000| Untracked 
|  48|0x0000000764200000, 0x0000000764200000, 0x0000000764300000|  0%| F|  |TAMS 0x0000000764200000, 0x0000000764200000| Untracked 
|  49|0x0000000764300000, 0x0000000764300000, 0x0000000764400000|  0%| F|  |TAMS 0x0000000764300000, 0x0000000764300000| Untracked 
|  50|0x0000000764400000, 0x0000000764400000, 0x0000000764500000|  0%| F|  |TAMS 0x0000000764400000, 0x0000000764400000| Untracked 
|  51|0x0000000764500000, 0x0000000764500000, 0x0000000764600000|  0%| F|  |TAMS 0x0000000764500000, 0x0000000764500000| Untracked 
|  52|0x0000000764600000, 0x0000000764600000, 0x0000000764700000|  0%| F|  |TAMS 0x0000000764600000, 0x0000000764600000| Untracked 
|  53|0x0000000764700000, 0x0000000764700000, 0x0000000764800000|  0%| F|  |TAMS 0x0000000764700000, 0x0000000764700000| Untracked 
|  54|0x0000000764800000, 0x0000000764800000, 0x0000000764900000|  0%| F|  |TAMS 0x0000000764800000, 0x0000000764800000| Untracked 
|  55|0x0000000764900000, 0x0000000764900000, 0x0000000764a00000|  0%| F|  |TAMS 0x0000000764900000, 0x0000000764900000| Untracked 
|  56|0x0000000764a00000, 0x0000000764a00000, 0x0000000764b00000|  0%| F|  |TAMS 0x0000000764a00000, 0x0000000764a00000| Untracked 
|  57|0x0000000764b00000, 0x0000000764b00000, 0x0000000764c00000|  0%| F|  |TAMS 0x0000000764b00000, 0x0000000764b00000| Untracked 
|  58|0x0000000764c00000, 0x0000000764c00000, 0x0000000764d00000|  0%| F|  |TAMS 0x0000000764c00000, 0x0000000764c00000| Untracked 
|  59|0x0000000764d00000, 0x0000000764d00000, 0x0000000764e00000|  0%| F|  |TAMS 0x0000000764d00000, 0x0000000764d00000| Untracked 
|  60|0x0000000764e00000, 0x0000000764e00000, 0x0000000764f00000|  0%| F|  |TAMS 0x0000000764e00000, 0x0000000764e00000| Untracked 
|  61|0x0000000764f00000, 0x0000000764f00000, 0x0000000765000000|  0%| F|  |TAMS 0x0000000764f00000, 0x0000000764f00000| Untracked 
|  62|0x0000000765000000, 0x0000000765000000, 0x0000000765100000|  0%| F|  |TAMS 0x0000000765000000, 0x0000000765000000| Untracked 
|  63|0x0000000765100000, 0x0000000765100000, 0x0000000765200000|  0%| F|  |TAMS 0x0000000765100000, 0x0000000765100000| Untracked 
|  64|0x0000000765200000, 0x0000000765200000, 0x0000000765300000|  0%| F|  |TAMS 0x0000000765200000, 0x0000000765200000| Untracked 
|  65|0x0000000765300000, 0x0000000765300000, 0x0000000765400000|  0%| F|  |TAMS 0x0000000765300000, 0x0000000765300000| Untracked 
|  66|0x0000000765400000, 0x0000000765400000, 0x0000000765500000|  0%| F|  |TAMS 0x0000000765400000, 0x0000000765400000| Untracked 
|  67|0x0000000765500000, 0x0000000765500000, 0x0000000765600000|  0%| F|  |TAMS 0x0000000765500000, 0x0000000765500000| Untracked 
|  68|0x0000000765600000, 0x0000000765600000, 0x0000000765700000|  0%| F|  |TAMS 0x0000000765600000, 0x0000000765600000| Untracked 
|  69|0x0000000765700000, 0x0000000765700000, 0x0000000765800000|  0%| F|  |TAMS 0x0000000765700000, 0x0000000765700000| Untracked 
|  70|0x0000000765800000, 0x0000000765800000, 0x0000000765900000|  0%| F|  |TAMS 0x0000000765800000, 0x0000000765800000| Untracked 
|  71|0x0000000765900000, 0x0000000765900000, 0x0000000765a00000|  0%| F|  |TAMS 0x0000000765900000, 0x0000000765900000| Untracked 
|  72|0x0000000765a00000, 0x0000000765a00000, 0x0000000765b00000|  0%| F|  |TAMS 0x0000000765a00000, 0x0000000765a00000| Untracked 
|  73|0x0000000765b00000, 0x0000000765b00000, 0x0000000765c00000|  0%| F|  |TAMS 0x0000000765b00000, 0x0000000765b00000| Untracked 
|  74|0x0000000765c00000, 0x0000000765c00000, 0x0000000765d00000|  0%| F|  |TAMS 0x0000000765c00000, 0x0000000765c00000| Untracked 
|  75|0x0000000765d00000, 0x0000000765d00000, 0x0000000765e00000|  0%| F|  |TAMS 0x0000000765d00000, 0x0000000765d00000| Untracked 
|  76|0x0000000765e00000, 0x0000000765e00000, 0x0000000765f00000|  0%| F|  |TAMS 0x0000000765e00000, 0x0000000765e00000| Untracked 
|  77|0x0000000765f00000, 0x0000000765f00000, 0x0000000766000000|  0%| F|  |TAMS 0x0000000765f00000, 0x0000000765f00000| Untracked 
|  78|0x0000000766000000, 0x0000000766000000, 0x0000000766100000|  0%| F|  |TAMS 0x0000000766000000, 0x0000000766000000| Untracked 
|  79|0x0000000766100000, 0x0000000766100000, 0x0000000766200000|  0%| F|  |TAMS 0x0000000766100000, 0x0000000766100000| Untracked 
|  80|0x0000000766200000, 0x0000000766200000, 0x0000000766300000|  0%| F|  |TAMS 0x0000000766200000, 0x0000000766200000| Untracked 
|  81|0x0000000766300000, 0x0000000766300000, 0x0000000766400000|  0%| F|  |TAMS 0x0000000766300000, 0x0000000766300000| Untracked 
|  82|0x0000000766400000, 0x0000000766400000, 0x0000000766500000|  0%| F|  |TAMS 0x0000000766400000, 0x0000000766400000| Untracked 
|  83|0x0000000766500000, 0x0000000766500000, 0x0000000766600000|  0%| F|  |TAMS 0x0000000766500000, 0x0000000766500000| Untracked 
|  84|0x0000000766600000, 0x0000000766600000, 0x0000000766700000|  0%| F|  |TAMS 0x0000000766600000, 0x0000000766600000| Untracked 
|  85|0x0000000766700000, 0x0000000766700000, 0x0000000766800000|  0%| F|  |TAMS 0x0000000766700000, 0x0000000766700000| Untracked 
|  86|0x0000000766800000, 0x0000000766800000, 0x0000000766900000|  0%| F|  |TAMS 0x0000000766800000, 0x0000000766800000| Untracked 
|  87|0x0000000766900000, 0x0000000766900000, 0x0000000766a00000|  0%| F|  |TAMS 0x0000000766900000, 0x0000000766900000| Untracked 
|  88|0x0000000766a00000, 0x0000000766a00000, 0x0000000766b00000|  0%| F|  |TAMS 0x0000000766a00000, 0x0000000766a00000| Untracked 
|  89|0x0000000766b00000, 0x0000000766b00000, 0x0000000766c00000|  0%| F|  |TAMS 0x0000000766b00000, 0x0000000766b00000| Untracked 
|  90|0x0000000766c00000, 0x0000000766c00000, 0x0000000766d00000|  0%| F|  |TAMS 0x0000000766c00000, 0x0000000766c00000| Untracked 
|  91|0x0000000766d00000, 0x0000000766d00000, 0x0000000766e00000|  0%| F|  |TAMS 0x0000000766d00000, 0x0000000766d00000| Untracked 
|  92|0x0000000766e00000, 0x0000000766e00000, 0x0000000766f00000|  0%| F|  |TAMS 0x0000000766e00000, 0x0000000766e00000| Untracked 
|  93|0x0000000766f00000, 0x0000000766f00000, 0x0000000767000000|  0%| F|  |TAMS 0x0000000766f00000, 0x0000000766f00000| Untracked 
|  94|0x0000000767000000, 0x0000000767000000, 0x0000000767100000|  0%| F|  |TAMS 0x0000000767000000, 0x0000000767000000| Untracked 
|  95|0x0000000767100000, 0x0000000767100000, 0x0000000767200000|  0%| F|  |TAMS 0x0000000767100000, 0x0000000767100000| Untracked 
|  96|0x0000000767200000, 0x0000000767200000, 0x0000000767300000|  0%| F|  |TAMS 0x0000000767200000, 0x0000000767200000| Untracked 
|  97|0x0000000767300000, 0x0000000767300000, 0x0000000767400000|  0%| F|  |TAMS 0x0000000767300000, 0x0000000767300000| Untracked 
|  98|0x0000000767400000, 0x0000000767400000, 0x0000000767500000|  0%| F|  |TAMS 0x0000000767400000, 0x0000000767400000| Untracked 
|  99|0x0000000767500000, 0x0000000767500000, 0x0000000767600000|  0%| F|  |TAMS 0x0000000767500000, 0x0000000767500000| Untracked 
| 100|0x0000000767600000, 0x0000000767600000, 0x0000000767700000|  0%| F|  |TAMS 0x0000000767600000, 0x0000000767600000| Untracked 
| 101|0x0000000767700000, 0x0000000767700000, 0x0000000767800000|  0%| F|  |TAMS 0x0000000767700000, 0x0000000767700000| Untracked 
| 102|0x0000000767800000, 0x0000000767800000, 0x0000000767900000|  0%| F|  |TAMS 0x0000000767800000, 0x0000000767800000| Untracked 
| 103|0x0000000767900000, 0x0000000767900000, 0x0000000767a00000|  0%| F|  |TAMS 0x0000000767900000, 0x0000000767900000| Untracked 
| 104|0x0000000767a00000, 0x0000000767a00000, 0x0000000767b00000|  0%| F|  |TAMS 0x0000000767a00000, 0x0000000767a00000| Untracked 
| 105|0x0000000767b00000, 0x0000000767b00000, 0x0000000767c00000|  0%| F|  |TAMS 0x0000000767b00000, 0x0000000767b00000| Untracked 
| 106|0x0000000767c00000, 0x0000000767c00000, 0x0000000767d00000|  0%| F|  |TAMS 0x0000000767c00000, 0x0000000767c00000| Untracked 
| 107|0x0000000767d00000, 0x0000000767d00000, 0x0000000767e00000|  0%| F|  |TAMS 0x0000000767d00000, 0x0000000767d00000| Untracked 
| 108|0x0000000767e00000, 0x0000000767e00000, 0x0000000767f00000|  0%| F|  |TAMS 0x0000000767e00000, 0x0000000767e00000| Untracked 
| 109|0x0000000767f00000, 0x0000000767f00000, 0x0000000768000000|  0%| F|  |TAMS 0x0000000767f00000, 0x0000000767f00000| Untracked 
| 110|0x0000000768000000, 0x0000000768000000, 0x0000000768100000|  0%| F|  |TAMS 0x0000000768000000, 0x0000000768000000| Untracked 
| 111|0x0000000768100000, 0x0000000768100000, 0x0000000768200000|  0%| F|  |TAMS 0x0000000768100000, 0x0000000768100000| Untracked 
| 112|0x0000000768200000, 0x0000000768200000, 0x0000000768300000|  0%| F|  |TAMS 0x0000000768200000, 0x0000000768200000| Untracked 
| 113|0x0000000768300000, 0x0000000768300000, 0x0000000768400000|  0%| F|  |TAMS 0x0000000768300000, 0x0000000768300000| Untracked 
| 114|0x0000000768400000, 0x0000000768400000, 0x0000000768500000|  0%| F|  |TAMS 0x0000000768400000, 0x0000000768400000| Untracked 
| 115|0x0000000768500000, 0x0000000768500000, 0x0000000768600000|  0%| F|  |TAMS 0x0000000768500000, 0x0000000768500000| Untracked 
| 116|0x0000000768600000, 0x0000000768600000, 0x0000000768700000|  0%| F|  |TAMS 0x0000000768600000, 0x0000000768600000| Untracked 
| 117|0x0000000768700000, 0x0000000768700000, 0x0000000768800000|  0%| F|  |TAMS 0x0000000768700000, 0x0000000768700000| Untracked 
| 118|0x0000000768800000, 0x0000000768800000, 0x0000000768900000|  0%| F|  |TAMS 0x0000000768800000, 0x0000000768800000| Untracked 
| 119|0x0000000768900000, 0x0000000768900000, 0x0000000768a00000|  0%| F|  |TAMS 0x0000000768900000, 0x0000000768900000| Untracked 
| 120|0x0000000768a00000, 0x0000000768a00000, 0x0000000768b00000|  0%| F|  |TAMS 0x0000000768a00000, 0x0000000768a00000| Untracked 
| 121|0x0000000768b00000, 0x0000000768b00000, 0x0000000768c00000|  0%| F|  |TAMS 0x0000000768b00000, 0x0000000768b00000| Untracked 
| 122|0x0000000768c00000, 0x0000000768c00000, 0x0000000768d00000|  0%| F|  |TAMS 0x0000000768c00000, 0x0000000768c00000| Untracked 
| 123|0x0000000768d00000, 0x0000000768d00000, 0x0000000768e00000|  0%| F|  |TAMS 0x0000000768d00000, 0x0000000768d00000| Untracked 
| 124|0x0000000768e00000, 0x0000000768e00000, 0x0000000768f00000|  0%| F|  |TAMS 0x0000000768e00000, 0x0000000768e00000| Untracked 
| 125|0x0000000768f00000, 0x0000000768f00000, 0x0000000769000000|  0%| F|  |TAMS 0x0000000768f00000, 0x0000000768f00000| Untracked 
| 126|0x0000000769000000, 0x0000000769000000, 0x0000000769100000|  0%| F|  |TAMS 0x0000000769000000, 0x0000000769000000| Untracked 
| 127|0x0000000769100000, 0x0000000769100000, 0x0000000769200000|  0%| F|  |TAMS 0x0000000769100000, 0x0000000769100000| Untracked 
| 128|0x0000000769200000, 0x0000000769200000, 0x0000000769300000|  0%| F|  |TAMS 0x0000000769200000, 0x0000000769200000| Untracked 
| 129|0x0000000769300000, 0x0000000769300000, 0x0000000769400000|  0%| F|  |TAMS 0x0000000769300000, 0x0000000769300000| Untracked 
| 130|0x0000000769400000, 0x0000000769400000, 0x0000000769500000|  0%| F|  |TAMS 0x0000000769400000, 0x0000000769400000| Untracked 
| 131|0x0000000769500000, 0x0000000769500000, 0x0000000769600000|  0%| F|  |TAMS 0x0000000769500000, 0x0000000769500000| Untracked 
| 132|0x0000000769600000, 0x0000000769600000, 0x0000000769700000|  0%| F|  |TAMS 0x0000000769600000, 0x0000000769600000| Untracked 
| 133|0x0000000769700000, 0x0000000769700000, 0x0000000769800000|  0%| F|  |TAMS 0x0000000769700000, 0x0000000769700000| Untracked 
| 134|0x0000000769800000, 0x0000000769800000, 0x0000000769900000|  0%| F|  |TAMS 0x0000000769800000, 0x0000000769800000| Untracked 
| 135|0x0000000769900000, 0x0000000769900000, 0x0000000769a00000|  0%| F|  |TAMS 0x0000000769900000, 0x0000000769900000| Untracked 
| 136|0x0000000769a00000, 0x0000000769a00000, 0x0000000769b00000|  0%| F|  |TAMS 0x0000000769a00000, 0x0000000769a00000| Untracked 
| 137|0x0000000769b00000, 0x0000000769b00000, 0x0000000769c00000|  0%| F|  |TAMS 0x0000000769b00000, 0x0000000769b00000| Untracked 
| 138|0x0000000769c00000, 0x0000000769c00000, 0x0000000769d00000|  0%| F|  |TAMS 0x0000000769c00000, 0x0000000769c00000| Untracked 
| 139|0x0000000769d00000, 0x0000000769d00000, 0x0000000769e00000|  0%| F|  |TAMS 0x0000000769d00000, 0x0000000769d00000| Untracked 
| 140|0x0000000769e00000, 0x0000000769e00000, 0x0000000769f00000|  0%| F|  |TAMS 0x0000000769e00000, 0x0000000769e00000| Untracked 
| 141|0x0000000769f00000, 0x0000000769f00000, 0x000000076a000000|  0%| F|  |TAMS 0x0000000769f00000, 0x0000000769f00000| Untracked 
| 142|0x000000076a000000, 0x000000076a000000, 0x000000076a100000|  0%| F|  |TAMS 0x000000076a000000, 0x000000076a000000| Untracked 
| 143|0x000000076a100000, 0x000000076a100000, 0x000000076a200000|  0%| F|  |TAMS 0x000000076a100000, 0x000000076a100000| Untracked 
| 144|0x000000076a200000, 0x000000076a200000, 0x000000076a300000|  0%| F|  |TAMS 0x000000076a200000, 0x000000076a200000| Untracked 
| 145|0x000000076a300000, 0x000000076a300000, 0x000000076a400000|  0%| F|  |TAMS 0x000000076a300000, 0x000000076a300000| Untracked 
| 146|0x000000076a400000, 0x000000076a400000, 0x000000076a500000|  0%| F|  |TAMS 0x000000076a400000, 0x000000076a400000| Untracked 
| 147|0x000000076a500000, 0x000000076a500000, 0x000000076a600000|  0%| F|  |TAMS 0x000000076a500000, 0x000000076a500000| Untracked 
| 148|0x000000076a600000, 0x000000076a600000, 0x000000076a700000|  0%| F|  |TAMS 0x000000076a600000, 0x000000076a600000| Untracked 
| 149|0x000000076a700000, 0x000000076a700000, 0x000000076a800000|  0%| F|  |TAMS 0x000000076a700000, 0x000000076a700000| Untracked 
| 150|0x000000076a800000, 0x000000076a800000, 0x000000076a900000|  0%| F|  |TAMS 0x000000076a800000, 0x000000076a800000| Untracked 
| 151|0x000000076a900000, 0x000000076a900000, 0x000000076aa00000|  0%| F|  |TAMS 0x000000076a900000, 0x000000076a900000| Untracked 
| 152|0x000000076aa00000, 0x000000076aa00000, 0x000000076ab00000|  0%| F|  |TAMS 0x000000076aa00000, 0x000000076aa00000| Untracked 
| 153|0x000000076ab00000, 0x000000076ab00000, 0x000000076ac00000|  0%| F|  |TAMS 0x000000076ab00000, 0x000000076ab00000| Untracked 
| 154|0x000000076ac00000, 0x000000076ac00000, 0x000000076ad00000|  0%| F|  |TAMS 0x000000076ac00000, 0x000000076ac00000| Untracked 
| 155|0x000000076ad00000, 0x000000076ada9360, 0x000000076ae00000| 66%| S|CS|TAMS 0x000000076ad00000, 0x000000076ad00000| Complete 
| 156|0x000000076ae00000, 0x000000076af00000, 0x000000076af00000|100%| S|CS|TAMS 0x000000076ae00000, 0x000000076ae00000| Complete 
| 157|0x000000076af00000, 0x000000076af00000, 0x000000076b000000|  0%| F|  |TAMS 0x000000076af00000, 0x000000076af00000| Untracked 
| 158|0x000000076b000000, 0x000000076b000000, 0x000000076b100000|  0%| F|  |TAMS 0x000000076b000000, 0x000000076b000000| Untracked 
| 159|0x000000076b100000, 0x000000076b100000, 0x000000076b200000|  0%| F|  |TAMS 0x000000076b100000, 0x000000076b100000| Untracked 

Card table byte_map: [0x00000273e50c0000,0x00000273e55c0000] _byte_map_base: 0x00000273e15b7000

Marking Bits (Prev, Next): (CMBitMap*) 0x00000273cd45af78, (CMBitMap*) 0x00000273cd45afb8
 Prev Bits: [0x00000273e5ac0000, 0x00000273e8278000)
 Next Bits: [0x00000273e8280000, 0x00000273eaa38000)

Polling page: 0x00000273ccbf0000

Metaspace:

Usage:
  Non-class:      5.94 MB capacity,     5.88 MB ( 99%) used,    48.80 KB ( <1%) free+waste,    16.75 KB ( <1%) overhead. 
      Class:    881.00 KB capacity,   781.81 KB ( 89%) used,    87.63 KB ( 10%) free+waste,    11.56 KB (  1%) overhead. 
       Both:      6.80 MB capacity,     6.64 MB ( 98%) used,   136.43 KB (  2%) free+waste,    28.31 KB ( <1%) overhead. 

Virtual space:
  Non-class space:       16.00 MB reserved,       6.00 MB ( 38%) committed 
      Class space:        1.00 GB reserved,     896.00 KB ( <1%) committed 
             Both:        1.02 GB reserved,       6.88 MB ( <1%) committed 

Chunk freelists:
   Non-Class:  62.00 KB
       Class:  15.00 KB
        Both:  77.00 KB

MaxMetaspaceSize: 17179869184.00 GB
CompressedClassSpaceSize: 1.00 GB

CodeHeap 'non-profiled nmethods': size=120000Kb used=178Kb max_used=178Kb free=119822Kb
 bounds [0x00000273dd690000, 0x00000273dd900000, 0x00000273e4bc0000]
CodeHeap 'profiled nmethods': size=120000Kb used=947Kb max_used=947Kb free=119052Kb
 bounds [0x00000273d6160000, 0x00000273d63d0000, 0x00000273dd690000]
CodeHeap 'non-nmethods': size=5760Kb used=1265Kb max_used=1275Kb free=4494Kb
 bounds [0x00000273d5bc0000, 0x00000273d5e30000, 0x00000273d6160000]
 total_blobs=1191 nmethods=640 adapters=465
 compilation: enabled
              stopped_count=0, restarted_count=0
 full_count=0

Compilation events (20 events):
Event: 1.197 Thread 0x00000273ecf67000  630       3       java.nio.MappedByteBuffer::position (6 bytes)
Event: 1.197 Thread 0x00000273ecf67000 nmethod 630 0x00000273d624a410 code [0x00000273d624a5c0, 0x00000273d624a7e8]
Event: 1.224 Thread 0x00000273ecf67000  632       1       java.util.concurrent.locks.AbstractOwnableSynchronizer::setExclusiveOwnerThread (6 bytes)
Event: 1.224 Thread 0x00000273ecf67000 nmethod 632 0x00000273dd6bb310 code [0x00000273dd6bb4a0, 0x00000273dd6bb5d8]
Event: 1.224 Thread 0x00000273ecf67000  633       1       java.awt.Color::getRGB (5 bytes)
Event: 1.224 Thread 0x00000273ecf67000 nmethod 633 0x00000273dd6bb690 code [0x00000273dd6bb820, 0x00000273dd6bb8f8]
Event: 1.227 Thread 0x00000273ecf67000  634  s    1       java.util.Vector::size (5 bytes)
Event: 1.227 Thread 0x00000273ecf67000 nmethod 634 0x00000273dd6bb990 code [0x00000273dd6bbb20, 0x00000273dd6bbd98]
Event: 1.236 Thread 0x00000273ecf67000  636   !   3       jdk.internal.logger.LazyLoggers$LazyLoggerAccessor::platform (103 bytes)
Event: 1.237 Thread 0x00000273ecf67000 nmethod 636 0x00000273d624a910 code [0x00000273d624ab40, 0x00000273d624ba48]
Event: 1.238 Thread 0x00000273ecf67000  637       3       java.lang.Class::reflectionData (43 bytes)
Event: 1.239 Thread 0x00000273ecf67000 nmethod 637 0x00000273d624bd90 code [0x00000273d624bf60, 0x00000273d624c398]
Event: 1.239 Thread 0x00000273ecf67000  638       3       java.awt.Component::getParent (5 bytes)
Event: 1.239 Thread 0x00000273ecf67000 nmethod 638 0x00000273d624c510 code [0x00000273d624c6a0, 0x00000273d624c7d8]
Event: 1.239 Thread 0x00000273ecf67000  639       3       java.lang.Enum::<init> (15 bytes)
Event: 1.239 Thread 0x00000273ecf67000 nmethod 639 0x00000273d624c890 code [0x00000273d624ca20, 0x00000273d624cbf8]
Event: 1.241 Thread 0x00000273ecf67000  640       1       java.util.concurrent.locks.AbstractOwnableSynchronizer::getExclusiveOwnerThread (5 bytes)
Event: 1.241 Thread 0x00000273ecf67000 nmethod 640 0x00000273dd6bc210 code [0x00000273dd6bc3a0, 0x00000273dd6bc478]
Event: 1.242 Thread 0x00000273ecf67000  641       1       java.awt.AWTEvent::getID (5 bytes)
Event: 1.242 Thread 0x00000273ecf67000 nmethod 641 0x00000273dd6bc510 code [0x00000273dd6bc6a0, 0x00000273dd6bc778]

GC Heap History (4 events):
Event: 0.913 GC heap before
{Heap before GC invocations=0 (full 0):
 garbage-first heap   total 163840K, used 23552K [0x0000000761200000, 0x0000000800000000)
  region size 1024K, 13 young (13312K), 0 survivors (0K)
 Metaspace       used 4584K, capacity 4929K, committed 4992K, reserved 1056768K
  class space    used 509K, capacity 612K, committed 640K, reserved 1048576K
}
Event: 0.921 GC heap after
{Heap after GC invocations=1 (full 0):
 garbage-first heap   total 163840K, used 12612K [0x0000000761200000, 0x0000000800000000)
  region size 1024K, 2 young (2048K), 2 survivors (2048K)
 Metaspace       used 4584K, capacity 4929K, committed 4992K, reserved 1056768K
  class space    used 509K, capacity 612K, committed 640K, reserved 1048576K
}
Event: 1.242 GC heap before
{Heap before GC invocations=1 (full 0):
 garbage-first heap   total 163840K, used 14660K [0x0000000761200000, 0x0000000800000000)
  region size 1024K, 5 young (5120K), 2 survivors (2048K)
 Metaspace       used 6798K, capacity 6963K, committed 7040K, reserved 1062912K
  class space    used 781K, capacity 881K, committed 896K, reserved 1048576K
}
Event: 1.245 GC heap after
{Heap after GC invocations=2 (full 0):
 garbage-first heap   total 163840K, used 12964K [0x0000000761200000, 0x0000000800000000)
  region size 1024K, 2 young (2048K), 2 survivors (2048K)
 Metaspace       used 6798K, capacity 6963K, committed 7040K, reserved 1062912K
  class space    used 781K, capacity 881K, committed 896K, reserved 1048576K
}

Deoptimization events (4 events):
Event: 0.100 Thread 0x00000273cd409800 Uncommon trap: trap_request=0xffffff45 fr.pc=0x00000273dd693fa4 relative=0x00000000000001c4
Event: 0.100 Thread 0x00000273cd409800 Uncommon trap: reason=unstable_if action=reinterpret pc=0x00000273dd693fa4 method=java.lang.String.hashCode()I @ 42 c2
Event: 0.100 Thread 0x00000273cd409800 DEOPT PACKING pc=0x00000273dd693fa4 sp=0x000000826cafe170
Event: 0.100 Thread 0x00000273cd409800 DEOPT UNPACKING pc=0x00000273d5c09429 sp=0x000000826cafe108 mode 2

Classes unloaded (0 events):
No events

Classes redefined (0 events):
No events

Internal exceptions (12 events):
Event: 0.150 Thread 0x00000273cd409800 Exception <a 'java/lang/ClassNotFoundException'{0x000000076b00eaa8}: sun/awt/resources/spi/awtProvider> (0x000000076b00eaa8) 
thrown [./open/src/hotspot/share/classfile/systemDictionary.cpp, line 226]
Event: 0.203 Thread 0x00000273cd409800 Exception <a 'java/io/FileNotFoundException'{0x000000076b063350}> (0x000000076b063350) 
thrown [./open/src/hotspot/share/prims/jni.cpp, line 599]
Event: 0.216 Thread 0x00000273cd409800 Exception <a 'java/io/FileNotFoundException'{0x000000076b089980}> (0x000000076b089980) 
thrown [./open/src/hotspot/share/prims/jni.cpp, line 599]
Event: 0.295 Thread 0x00000273edbde000 Exception <a 'java/lang/NoSuchMethodError'{0x000000076af05180}: 'void java.lang.invoke.DirectMethodHandle$Holder.invokeSpecial(java.lang.Object, java.lang.Object)'> (0x000000076af05180) 
thrown [./open/src/hotspot/share/interpreter/linkResolver.cpp, line 766]
Event: 0.592 Thread 0x00000273cd409800 Exception <a 'java/lang/NoSuchMethodError'{0x000000076af7ea28}: 'java.lang.Object java.lang.invoke.DirectMethodHandle$Holder.invokeStatic(java.lang.Object, int, java.lang.Object, java.lang.Object, java.lang.Object, java.lang.Object)'> (0x000000076af7ea28) 
thrown [./open/src/hotspot/share/interpreter/linkResolver.cpp, line 766]
Event: 0.594 Thread 0x00000273cd409800 Exception <a 'java/lang/NoSuchMethodError'{0x000000076af85348}: 'java.lang.Object java.lang.invoke.DirectMethodHandle$Holder.invokeStatic(java.lang.Object, int, java.lang.Object, java.lang.Object, java.lang.Object)'> (0x000000076af85348) 
thrown [./open/src/hotspot/share/interpreter/linkResolver.cpp, line 766]
Event: 0.594 Thread 0x00000273cd409800 Exception <a 'java/lang/NoSuchMethodError'{0x000000076af890d0}: 'java.lang.Object java.lang.invoke.DirectMethodHandle$Holder.invokeSpecial(java.lang.Object, java.lang.Object, int, java.lang.Object, java.lang.Object, java.lang.Object)'> (0x000000076af890d0) 
thrown [./open/src/hotspot/share/interpreter/linkResolver.cpp, line 766]
Event: 0.599 Thread 0x00000273cd409800 Exception <a 'java/lang/NoSuchMethodError'{0x000000076af9f478}: 'java.lang.Object java.lang.invoke.DirectMethodHandle$Holder.invokeStatic(java.lang.Object, int, java.lang.Object)'> (0x000000076af9f478) 
thrown [./open/src/hotspot/share/interpreter/linkResolver.cpp, line 766]
Event: 0.641 Thread 0x00000273cd409800 Exception <a 'java/lang/ClassNotFoundException'{0x000000076ae43350}: com/sun/swing/internal/plaf/metal/resources/spi/metalProvider> (0x000000076ae43350) 
thrown [./open/src/hotspot/share/classfile/systemDictionary.cpp, line 226]
Event: 0.643 Thread 0x00000273cd409800 Exception <a 'java/lang/ClassNotFoundException'{0x000000076ae47428}: com/sun/swing/internal/plaf/basic/resources/spi/basicProvider> (0x000000076ae47428) 
thrown [./open/src/hotspot/share/classfile/systemDictionary.cpp, line 226]
Event: 0.993 Thread 0x00000273cd409800 Exception <a 'java/lang/NoSuchMethodError'{0x000000076b084428}: 'void java.lang.invoke.DirectMethodHandle$Holder.invokeStaticInit(java.lang.Object)'> (0x000000076b084428) 
thrown [./open/src/hotspot/share/interpreter/linkResolver.cpp, line 766]
Event: 1.053 Thread 0x00000273cd409800 Exception <a 'java/lang/NoSuchMethodError'{0x000000076af46410}: 'java.lang.Object java.lang.invoke.Invokers$Holder.linkToTargetMethod(java.lang.Object, int, java.lang.Object)'> (0x000000076af46410) 
thrown [./open/src/hotspot/share/interpreter/linkResolver.cpp, line 766]

Events (20 events):
Event: 1.240 loading class java/awt/KeyboardFocusManager$LightweightFocusRequest
Event: 1.240 loading class java/awt/KeyboardFocusManager$LightweightFocusRequest done
Event: 1.240 Executing VM operation: BulkRevokeBias
Event: 1.240 Executing VM operation: BulkRevokeBias done
Event: 1.241 loading class java/awt/Container$MouseEventTargetFilter
Event: 1.241 loading class java/awt/Container$EventTargetFilter
Event: 1.241 loading class java/awt/Container$EventTargetFilter done
Event: 1.241 loading class java/awt/Container$MouseEventTargetFilter done
Event: 1.241 loading class java/awt/LightweightDispatcher$1
Event: 1.241 loading class java/awt/LightweightDispatcher$1 done
Event: 1.241 loading class java/awt/event/AWTEventListenerProxy
Event: 1.242 loading class java/awt/event/AWTEventListenerProxy done
Event: 1.242 loading class java/awt/Toolkit$SelectiveAWTEventListener
Event: 1.242 loading class java/awt/Toolkit$SelectiveAWTEventListener done
Event: 1.242 loading class java/awt/Toolkit$ToolkitEventMulticaster
Event: 1.242 loading class java/awt/Toolkit$ToolkitEventMulticaster done
Event: 1.242 loading class java/awt/im/InputContext
Event: 1.242 loading class java/awt/im/InputContext done
Event: 1.242 loading class sun/awt/im/InputMethodContext
Event: 1.242 Executing VM operation: CollectForMetadataAllocation


Dynamic libraries:
0x00007ff638160000 - 0x00007ff63816f000 	C:\Program Files\Java\jdk-14.0.2\bin\javaw.exe
0x00007fffc0a30000 - 0x00007fffc0c28000 	C:\Windows\SYSTEM32\ntdll.dll
0x00007fffc0160000 - 0x00007fffc021d000 	C:\Windows\System32\KERNEL32.DLL
0x00007fffbe1f0000 - 0x00007fffbe4c2000 	C:\Windows\System32\KERNELBASE.dll
0x00007fffbe630000 - 0x00007fffbe730000 	C:\Windows\System32\ucrtbase.dll
0x00007fff75ca0000 - 0x00007fff75cb5000 	C:\Program Files\Java\jdk-14.0.2\bin\VCRUNTIME140.dll
0x00007fff75c80000 - 0x00007fff75c98000 	C:\Program Files\Java\jdk-14.0.2\bin\jli.dll
0x00007fffc0500000 - 0x00007fffc05ae000 	C:\Windows\System32\ADVAPI32.dll
0x00007fffbeea0000 - 0x00007fffbef3e000 	C:\Windows\System32\msvcrt.dll
0x00007fffbf460000 - 0x00007fffbf4fc000 	C:\Windows\System32\sechost.dll
0x00007fffbfef0000 - 0x00007fffc0015000 	C:\Windows\System32\RPCRT4.dll
0x00007fffc06a0000 - 0x00007fffc083d000 	C:\Windows\System32\USER32.dll
0x00007fffbe560000 - 0x00007fffbe582000 	C:\Windows\System32\win32u.dll
0x00007fffc0840000 - 0x00007fffc086b000 	C:\Windows\System32\GDI32.dll
0x00007fffab660000 - 0x00007fffab8fa000 	C:\Windows\WinSxS\amd64_microsoft.windows.common-controls_6595b64144ccf1df_6.0.19041.1110_none_60b5254171f9507e\COMCTL32.dll
0x00007fffbe780000 - 0x00007fffbe88f000 	C:\Windows\System32\gdi32full.dll
0x00007fffbe590000 - 0x00007fffbe62d000 	C:\Windows\System32\msvcp_win.dll
0x00007fffb9690000 - 0x00007fffb969a000 	C:\Windows\SYSTEM32\VERSION.dll
0x00007fffc0960000 - 0x00007fffc0990000 	C:\Windows\System32\IMM32.DLL
0x00007fff67c40000 - 0x00007fff67cdb000 	C:\Program Files\Java\jdk-14.0.2\bin\msvcp140.dll
0x00007fff1aec0000 - 0x00007fff1b9de000 	C:\Program Files\Java\jdk-14.0.2\bin\server\jvm.dll
0x00007fffbfe00000 - 0x00007fffbfe08000 	C:\Windows\System32\PSAPI.DLL
0x00007fff7a250000 - 0x00007fff7a259000 	C:\Windows\SYSTEM32\WSOCK32.dll
0x00007fffb45a0000 - 0x00007fffb45c7000 	C:\Windows\SYSTEM32\WINMM.dll
0x00007fffc08d0000 - 0x00007fffc093b000 	C:\Windows\System32\WS2_32.dll
0x00007fffbc020000 - 0x00007fffbc032000 	C:\Windows\SYSTEM32\kernel.appcore.dll
0x00007fffb9d00000 - 0x00007fffb9d0a000 	C:\Program Files\Java\jdk-14.0.2\bin\jimage.dll
0x00007fffa9780000 - 0x00007fffa9964000 	C:\Windows\SYSTEM32\DBGHELP.DLL
0x00007fffa8ad0000 - 0x00007fffa8afc000 	C:\Windows\SYSTEM32\dbgcore.DLL
0x00007fffbe4d0000 - 0x00007fffbe552000 	C:\Windows\System32\bcryptPrimitives.dll
0x00007fffb7e30000 - 0x00007fffb7e55000 	C:\Program Files\Java\jdk-14.0.2\bin\java.dll
0x00007fffb7f00000 - 0x00007fffb7f16000 	C:\Program Files\Java\jdk-14.0.2\bin\zip.dll
0x00007fffbf500000 - 0x00007fffbfc43000 	C:\Windows\System32\SHELL32.dll
0x00007fffbc220000 - 0x00007fffbc9b1000 	C:\Windows\SYSTEM32\windows.storage.dll
0x00007fffbea90000 - 0x00007fffbede4000 	C:\Windows\System32\combase.dll
0x00007fffbdac0000 - 0x00007fffbdaf0000 	C:\Windows\SYSTEM32\Wldp.dll
0x00007fffbedf0000 - 0x00007fffbee9d000 	C:\Windows\System32\SHCORE.dll
0x00007fffc0990000 - 0x00007fffc09e5000 	C:\Windows\System32\shlwapi.dll
0x00007fffbe080000 - 0x00007fffbe09f000 	C:\Windows\SYSTEM32\profapi.dll
0x00007fff62f70000 - 0x00007fff63109000 	C:\Program Files\Java\jdk-14.0.2\bin\awt.dll
0x00007fffc0090000 - 0x00007fffc015d000 	C:\Windows\System32\OLEAUT32.dll
0x00007fffbb960000 - 0x00007fffbb9f1000 	C:\Windows\SYSTEM32\apphelp.dll
0x00007fffbbe10000 - 0x00007fffbbe3f000 	C:\Windows\system32\DWMAPI.DLL
0x00007fffbbb40000 - 0x00007fffbbbde000 	C:\Windows\system32\uxtheme.dll
0x00007fff43df0000 - 0x00007fff43f17000 	C:\Windows\system32\opengl32.dll
0x00007fff7b170000 - 0x00007fff7b19c000 	C:\Windows\SYSTEM32\GLU32.dll
0x00007fffc0350000 - 0x00007fffc0465000 	C:\Windows\System32\MSCTF.dll
0x00007fffc0220000 - 0x00007fffc034a000 	C:\Windows\System32\ole32.dll
0x00007fffb3800000 - 0x00007fffb39cf000 	C:\Windows\system32\d3d9.dll
0x00007fffb2df0000 - 0x00007fffb2ef2000 	C:\Windows\System32\DriverStore\FileRepository\nv_dispi.inf_amd64_1c83a5d7cffd7bff\nvldumdx.dll
0x00007fffbdc50000 - 0x00007fffbdc62000 	C:\Windows\SYSTEM32\msasn1.dll
0x00007fffb88f0000 - 0x00007fffb8921000 	C:\Windows\SYSTEM32\cryptnet.dll
0x00007fffbe8c0000 - 0x00007fffbea16000 	C:\Windows\System32\CRYPT32.dll
0x00007fffbda10000 - 0x00007fffbda1c000 	C:\Windows\SYSTEM32\cryptbase.dll
0x00007fffbea20000 - 0x00007fffbea89000 	C:\Windows\System32\WINTRUST.DLL
0x00007fffc0940000 - 0x00007fffc095d000 	C:\Windows\System32\imagehlp.dll
0x00007fffbda20000 - 0x00007fffbda38000 	C:\Windows\SYSTEM32\CRYPTSP.dll
0x00007fffbd140000 - 0x00007fffbd174000 	C:\Windows\system32\rsaenh.dll
0x00007fffbe890000 - 0x00007fffbe8b7000 	C:\Windows\System32\bcrypt.dll
0x00007fff18790000 - 0x00007fff1a1ab000 	C:\Windows\System32\DriverStore\FileRepository\nv_dispi.inf_amd64_1c83a5d7cffd7bff\nvd3dumx.dll
0x00007fff64020000 - 0x00007fff642e7000 	C:\Windows\system32\nvspcap64.dll
0x00007fffbd260000 - 0x00007fffbd293000 	C:\Windows\SYSTEM32\ntmarta.dll
0x00007fffbc9d0000 - 0x00007fffbc9f3000 	C:\Windows\SYSTEM32\gpapi.dll
0x00007fffb37c0000 - 0x00007fffb37fb000 	C:\Windows\SYSTEM32\dxcore.dll
0x00007fffbe730000 - 0x00007fffbe77e000 	C:\Windows\System32\cfgmgr32.dll
0x00007fff75b20000 - 0x00007fff75b4d000 	C:\Program Files\Java\jdk-14.0.2\bin\javajpeg.dll
0x00007fff538f0000 - 0x00007fff53972000 	C:\Program Files\Java\jdk-14.0.2\bin\freetype.dll
0x00007fff43d40000 - 0x00007fff43de6000 	C:\Program Files\Java\jdk-14.0.2\bin\fontmanager.dll
0x00007fffb6f80000 - 0x00007fffb7079000 	C:\Windows\SYSTEM32\textinputframework.dll
0x00007fffbb3c0000 - 0x00007fffbb71e000 	C:\Windows\System32\CoreUIComponents.dll
0x00007fffbb720000 - 0x00007fffbb812000 	C:\Windows\System32\CoreMessaging.dll
0x00007fffba060000 - 0x00007fffba1b4000 	C:\Windows\SYSTEM32\wintypes.dll
0x00007fff7b430000 - 0x00007fff7b449000 	C:\Program Files\Java\jdk-14.0.2\bin\net.dll
0x00007fffb80b0000 - 0x00007fffb81bd000 	C:\Windows\SYSTEM32\WINHTTP.dll
0x00007fffbd820000 - 0x00007fffbd88a000 	C:\Windows\system32\mswsock.dll
0x00007fff7b1e0000 - 0x00007fff7b1f2000 	C:\Program Files\Java\jdk-14.0.2\bin\nio.dll

dbghelp: loaded successfully - version: 4.0.5 - missing functions: none
symbol engine: initialized successfully - sym options: 0x614 - pdb path: .;C:\Program Files\Java\jdk-14.0.2\bin;C:\Windows\SYSTEM32;C:\Windows\WinSxS\amd64_microsoft.windows.common-controls_6595b64144ccf1df_6.0.19041.1110_none_60b5254171f9507e;C:\Program Files\Java\jdk-14.0.2\bin\server;C:\Windows\System32\DriverStore\FileRepository\nv_dispi.inf_amd64_1c83a5d7cffd7bff

VM Arguments:
jvm_args: -Dfile.encoding=Cp1252 -XX:+ShowCodeDetailsInExceptionMessages 
java_command: Main.Main
java_class_path (initial): C:\Users\oneph\eclipse-workspace\Java Swing\bin
Launcher Type: SUN_STANDARD

[Global flags]
     intx CICompilerCount                          = 3                                         {product} {ergonomic}
     uint ConcGCThreads                            = 1                                         {product} {ergonomic}
     uint G1ConcRefinementThreads                  = 4                                         {product} {ergonomic}
   size_t G1HeapRegionSize                         = 1048576                                   {product} {ergonomic}
    uintx GCDrainStackTargetSize                   = 64                                        {product} {ergonomic}
   size_t InitialHeapSize                          = 167772160                                 {product} {ergonomic}
   size_t MarkStackSize                            = 4194304                                   {product} {ergonomic}
   size_t MaxHeapSize                              = 2665480192                                {product} {ergonomic}
   size_t MaxNewSize                               = 1599078400                                {product} {ergonomic}
   size_t MinHeapDeltaBytes                        = 1048576                                   {product} {ergonomic}
   size_t MinHeapSize                              = 8388608                                   {product} {ergonomic}
    uintx NonNMethodCodeHeapSize                   = 5832780                                {pd product} {ergonomic}
    uintx NonProfiledCodeHeapSize                  = 122912730                              {pd product} {ergonomic}
    uintx ProfiledCodeHeapSize                     = 122912730                              {pd product} {ergonomic}
    uintx ReservedCodeCacheSize                    = 251658240                              {pd product} {ergonomic}
     bool SegmentedCodeCache                       = true                                      {product} {ergonomic}
     bool ShowCodeDetailsInExceptionMessages       = true                                   {manageable} {command line}
   size_t SoftMaxHeapSize                          = 2665480192                             {manageable} {ergonomic}
     bool UseCompressedClassPointers               = true                                 {lp64_product} {ergonomic}
     bool UseCompressedOops                        = true                                 {lp64_product} {ergonomic}
     bool UseG1GC                                  = true                                      {product} {ergonomic}
     bool UseLargePagesIndividualAllocation        = false                                  {pd product} {ergonomic}

Logging:
Log output configuration:
 #0: stdout all=warning uptime,level,tags
 #1: stderr all=off uptime,level,tags

Environment Variables:
JAVA_HOME=C:\Program Files\Java\jdk-14.0.2
PATH=C:/Program Files/Java/jdk-14.0.2/bin/server;C:/Program Files/Java/jdk-14.0.2/bin;C:\Python39\Scripts\;C:\Python39\;C:\Python38\Scripts\;C:\Python38\;C:\Program Files (x86)\Common Files\Oracle\Java\javapath;C:\Windows\system32;C:\Windows;C:\Windows\System32\Wbem;C:\Windows\System32\WindowsPowerShell\v1.0\;C:\Windows\System32\OpenSSH\;C:\Program Files\Microsoft SQL Server\130\Tools\Binn\;C:\Program Files\Microsoft SQL Server\Client SDK\ODBC\170\Tools\Binn\;C:\Program Files (x86)\Microsoft SQL Server\150\Tools\Binn\;C:\Program Files\Microsoft SQL Server\150\Tools\Binn\;C:\Program Files\Microsoft SQL Server\150\DTS\Binn\;C:\Program Files (x86)\Microsoft SQL Server\150\DTS\Binn\;C:\Program Files\Git\cmd;C:\ProgramData\chocolatey\bin;C:\Program Files\apache-maven-3.6.3\bin;C:\Program Files\Java\jdk-14.0.2\bin;C:\Program Files\dotnet\;C:\Program Files\Microsoft SQL Server\Client SDK\ODBC\130\Tools\Binn\;C:\Program Files (x86)\Microsoft SQL Server\140\Tools\Binn\;C:\Program Files\Microsoft SQL Server\140\Tools\Binn\;C:\Program Files\Microsoft SQL Server\140\DTS\Binn\;C:\Program Files\Azure Data Studio\bin;C:\Program Files (x86)\dotnet\;C:\Program Files\NVIDIA Corporation\NVIDIA NvDLISR;C:\Program Files (x86)\NVIDIA Corporation\PhysX\Common;C:\Program Files\nodejs\;C:\Users\oneph\AppData\Local\Microsoft\WindowsApps;C:\Users\oneph\AppData\Local\Programs\Microsoft VS Code\bin;C:\Users\oneph\.dotnet\tools;C:\Users\oneph\.dotnet\tools;C:\Program Files\Azure Data Studio\bin;C:\Users\oneph\AppData\Roaming\npm;C:\Windows\system32;
USERNAME=oneph
OS=Windows_NT
PROCESSOR_IDENTIFIER=Intel64 Family 6 Model 37 Stepping 5, GenuineIntel



---------------  S Y S T E M  ---------------

OS: Windows 10 , 64 bit Build 19041 (10.0.19041.1889)
OS uptime: 6 days 3:13 hours

CPU:total 4 (initial active 4) (2 cores per cpu, 2 threads per core) family 6 model 37 stepping 5, cmov, cx8, fxsr, mmx, sse, sse2, sse3, ssse3, sse4.1, sse4.2, popcnt, ht, tsc, tscinvbit

Memory: 4k page, system-wide physical 10166M (204M free)
TotalPageFile size 40886M (AvailPageFile size 4M)
current process WorkingSet (physical memory assigned to process): 87M, peak: 87M
current process commit charge ("private bytes"): 265M, peak: 266M

vm_info: Java HotSpot(TM) 64-Bit Server VM (14.0.2+12-46) for windows-amd64 JRE (14.0.2+12-46), built on Jul  9 2020 00:35:52 by "mach5one" with MS VC++ 15.9 (VS2017)

END.
