#
# There is insufficient memory for the Java Runtime Environment to continue.
# Native memory allocation (malloc) failed to allocate 1048576 bytes for AllocateHeap
# Possible reasons:
#   The system is out of physical RAM or swap space
#   The process is running with CompressedOops enabled, and the Java Heap may be blocking the growth of the native heap
# Possible solutions:
#   Reduce memory load on the system
#   Increase physical memory or swap space
#   Check if swap backing store is full
#   Decrease Java heap size (-Xmx/-Xms)
#   Decrease number of Java threads
#   Decrease Java thread stack sizes (-Xss)
#   Set larger code cache with -XX:ReservedCodeCacheSize=
#   JVM is running with Zero Based Compressed Oops mode in which the Java heap is
#     placed in the first 32GB address space. The Java Heap base address is the
#     maximum limit for the native heap growth. Please use -XX:HeapBaseMinAddress
#     to set the Java Heap base and to place the Java Heap above 32GB virtual address.
# This output file may be truncated or incomplete.
#
#  Out of Memory Error (./open/src/hotspot/share/memory/allocation.cpp:44), pid=5480, tid=27168
#
# JRE version:  (14.0.2+12) (build )
# Java VM: Java HotSpot(TM) 64-Bit Server VM (14.0.2+12-46, mixed mode, sharing, tiered, compressed oops, g1 gc, windows-amd64)
# No core dump will be written. Minidumps are not enabled by default on client versions of Windows
#

---------------  S U M M A R Y ------------

Command Line: -Dfile.encoding=Cp1252 -XX:+ShowCodeDetailsInExceptionMessages Main.Main

Host: Intel(R) Core(TM) i3 CPU         550  @ 3.20GHz, 4 cores, 9G,  Windows 10 , 64 bit Build 19041 (10.0.19041.1889)
Time: Sun Nov  6 16:03:35 2022 GMT Standard Time elapsed time: 0 seconds (0d 0h 0m 0s)

---------------  T H R E A D  ---------------

Current thread (0x0000026a417f6800):  JavaThread "Unknown thread" [_thread_in_vm, id=27168, stack(0x000000c8f4200000,0x000000c8f4300000)]

Stack: [0x000000c8f4200000,0x000000c8f4300000]
Native frames: (J=compiled Java code, j=interpreted, Vv=VM code, C=native code)
V  [jvm.dll+0x5f8a9a]
V  [jvm.dll+0x74247a]
V  [jvm.dll+0x743c2f]
V  [jvm.dll+0x744273]
V  [jvm.dll+0x20d288]
V  [jvm.dll+0xa2b2f]
V  [jvm.dll+0x2a97f3]
V  [jvm.dll+0x2a1a3c]
V  [jvm.dll+0x71fd48]
V  [jvm.dll+0x321c14]
V  [jvm.dll+0x70112c]
V  [jvm.dll+0x392def]
V  [jvm.dll+0x394e61]
C  [jli.dll+0x524b]
C  [ucrtbase.dll+0x21bb2]
C  [KERNEL32.DLL+0x17034]
C  [ntdll.dll+0x526a1]


---------------  P R O C E S S  ---------------

Threads class SMR info:
_java_thread_list=0x00007fff4dfc3038, length=0, elements={
}

Java Threads: ( => current thread )

Other Threads:
  0x0000026a41845000 GCTaskThread "GC Thread#0" [stack: 0x000000c8f4300000,0x000000c8f4400000] [id=28568]

[error occurred during error reporting (printing all threads), id 0xc0000005, EXCEPTION_ACCESS_VIOLATION (0xc0000005) at pc=0x00007fff4d7ee220]

VM state:not at safepoint (not fully initialized)

VM Mutex/Monitor currently owned by a thread:  ([mutex/lock_event])
[0x0000026a417f1260] Heap_lock - owner thread: 0x0000026a417f6800

Heap address: 0x0000000761200000, size: 2542 MB, Compressed Oops mode: Zero based, Oop shift amount: 3
Narrow klass base: 0x0000000000000000, Narrow klass shift: 0

GC Heap History (0 events):
No events

Deoptimization events (0 events):
No events

Classes unloaded (0 events):
No events

Classes redefined (0 events):
No events

Internal exceptions (0 events):
No events

Events (2 events):
Event: 0.014 Loaded shared library C:\Program Files\Java\jdk-14.0.2\bin\java.dll
Event: 0.015 Loaded shared library C:\Program Files\Java\jdk-14.0.2\bin\zip.dll


Dynamic libraries:
0x00007ff7358b0000 - 0x00007ff7358bf000 	C:\Program Files\Java\jdk-14.0.2\bin\javaw.exe
0x00007fffbd9b0000 - 0x00007fffbdba8000 	C:\Windows\SYSTEM32\ntdll.dll
0x00007fffbbe90000 - 0x00007fffbbf4d000 	C:\Windows\System32\KERNEL32.DLL
0x00007fffbb430000 - 0x00007fffbb702000 	C:\Windows\System32\KERNELBASE.dll
0x00007fffbb250000 - 0x00007fffbb350000 	C:\Windows\System32\ucrtbase.dll
0x00007fffa6ea0000 - 0x00007fffa6eb8000 	C:\Program Files\Java\jdk-14.0.2\bin\jli.dll
0x00007fffbbdd0000 - 0x00007fffbbe7e000 	C:\Windows\System32\ADVAPI32.dll
0x00007fffbbc50000 - 0x00007fffbbcee000 	C:\Windows\System32\msvcrt.dll
0x00007fffbbcf0000 - 0x00007fffbbd8c000 	C:\Windows\System32\sechost.dll
0x00007fffbba10000 - 0x00007fffbbb35000 	C:\Windows\System32\RPCRT4.dll
0x00007fffbcde0000 - 0x00007fffbcf7d000 	C:\Windows\System32\USER32.dll
0x00007fffbb0c0000 - 0x00007fffbb0e2000 	C:\Windows\System32\win32u.dll
0x00007fffbbd90000 - 0x00007fffbbdbb000 	C:\Windows\System32\GDI32.dll
0x00007fffbb850000 - 0x00007fffbb95f000 	C:\Windows\System32\gdi32full.dll
0x00007fffbb7b0000 - 0x00007fffbb84d000 	C:\Windows\System32\msvcp_win.dll
0x00007fff7b3d0000 - 0x00007fff7b3e5000 	C:\Program Files\Java\jdk-14.0.2\bin\VCRUNTIME140.dll
0x00007fffa9fd0000 - 0x00007fffaa26a000 	C:\Windows\WinSxS\amd64_microsoft.windows.common-controls_6595b64144ccf1df_6.0.19041.1110_none_60b5254171f9507e\COMCTL32.dll
0x00007fffb62c0000 - 0x00007fffb62ca000 	C:\Windows\SYSTEM32\VERSION.dll
0x00007fffbd070000 - 0x00007fffbd0a0000 	C:\Windows\System32\IMM32.DLL
0x00007fff74860000 - 0x00007fff748fb000 	C:\Program Files\Java\jdk-14.0.2\bin\msvcp140.dll
0x00007fff4d540000 - 0x00007fff4e05e000 	C:\Program Files\Java\jdk-14.0.2\bin\server\jvm.dll
0x00007fffbbdc0000 - 0x00007fffbbdc8000 	C:\Windows\System32\PSAPI.DLL
0x00007fffb5980000 - 0x00007fffb5989000 	C:\Windows\SYSTEM32\WSOCK32.dll
0x00007fffbc2b0000 - 0x00007fffbc31b000 	C:\Windows\System32\WS2_32.dll
0x00007fffb5c60000 - 0x00007fffb5c87000 	C:\Windows\SYSTEM32\WINMM.dll
0x00007fffb8ec0000 - 0x00007fffb8ed2000 	C:\Windows\SYSTEM32\kernel.appcore.dll
0x00007fffb52a0000 - 0x00007fffb52aa000 	C:\Program Files\Java\jdk-14.0.2\bin\jimage.dll
0x00007fffa6b90000 - 0x00007fffa6d74000 	C:\Windows\SYSTEM32\DBGHELP.DLL
0x00007fffa6630000 - 0x00007fffa665c000 	C:\Windows\SYSTEM32\dbgcore.DLL
0x00007fffbb3a0000 - 0x00007fffbb422000 	C:\Windows\System32\bcryptPrimitives.dll
0x00007fff7b070000 - 0x00007fff7b095000 	C:\Program Files\Java\jdk-14.0.2\bin\java.dll
0x00007fffa1500000 - 0x00007fffa1516000 	C:\Program Files\Java\jdk-14.0.2\bin\zip.dll

dbghelp: loaded successfully - version: 4.0.5 - missing functions: none
symbol engine: initialized successfully - sym options: 0x614 - pdb path: .;C:\Program Files\Java\jdk-14.0.2\bin;C:\Windows\SYSTEM32;C:\Windows\WinSxS\amd64_microsoft.windows.common-controls_6595b64144ccf1df_6.0.19041.1110_none_60b5254171f9507e;C:\Program Files\Java\jdk-14.0.2\bin\server

VM Arguments:
jvm_args: -Dfile.encoding=Cp1252 -XX:+ShowCodeDetailsInExceptionMessages 
java_command: Main.Main
java_class_path (initial): C:\Users\oneph\eclipse-workspace\Java Swing\bin
Launcher Type: SUN_STANDARD

[Global flags]
     intx CICompilerCount                          = 3                                         {product} {ergonomic}
     uint ConcGCThreads                            = 1                                         {product} {ergonomic}
     uint G1ConcRefinementThreads                  = 4                                         {product} {ergonomic}
   size_t G1HeapRegionSize                         = 1048576                                   {product} {ergonomic}
    uintx GCDrainStackTargetSize                   = 64                                        {product} {ergonomic}
   size_t InitialHeapSize                          = 167772160                                 {product} {ergonomic}
   size_t MarkStackSize                            = 4194304                                   {product} {ergonomic}
   size_t MaxHeapSize                              = 2665480192                                {product} {ergonomic}
   size_t MinHeapDeltaBytes                        = 1048576                                   {product} {ergonomic}
   size_t MinHeapSize                              = 8388608                                   {product} {ergonomic}
    uintx NonNMethodCodeHeapSize                   = 5832780                                {pd product} {ergonomic}
    uintx NonProfiledCodeHeapSize                  = 122912730                              {pd product} {ergonomic}
    uintx ProfiledCodeHeapSize                     = 122912730                              {pd product} {ergonomic}
    uintx ReservedCodeCacheSize                    = 251658240                              {pd product} {ergonomic}
     bool SegmentedCodeCache                       = true                                      {product} {ergonomic}
     bool ShowCodeDetailsInExceptionMessages       = true                                   {manageable} {command line}
   size_t SoftMaxHeapSize                          = 2665480192                             {manageable} {ergonomic}
     bool UseCompressedClassPointers               = true                                 {lp64_product} {ergonomic}
     bool UseCompressedOops                        = true                                 {lp64_product} {ergonomic}
     bool UseG1GC                                  = true                                      {product} {ergonomic}
     bool UseLargePagesIndividualAllocation        = false                                  {pd product} {ergonomic}

Logging:
Log output configuration:
 #0: stdout all=warning uptime,level,tags
 #1: stderr all=off uptime,level,tags

Environment Variables:
JAVA_HOME=C:\Program Files\Java\jdk-14.0.2
PATH=C:/Program Files/Java/jdk-14.0.2/bin/server;C:/Program Files/Java/jdk-14.0.2/bin;C:\Python39\Scripts\;C:\Python39\;C:\Python38\Scripts\;C:\Python38\;C:\Program Files (x86)\Common Files\Oracle\Java\javapath;C:\Windows\system32;C:\Windows;C:\Windows\System32\Wbem;C:\Windows\System32\WindowsPowerShell\v1.0\;C:\Windows\System32\OpenSSH\;C:\Program Files\Microsoft SQL Server\130\Tools\Binn\;C:\Program Files\Microsoft SQL Server\Client SDK\ODBC\170\Tools\Binn\;C:\Program Files (x86)\Microsoft SQL Server\150\Tools\Binn\;C:\Program Files\Microsoft SQL Server\150\Tools\Binn\;C:\Program Files\Microsoft SQL Server\150\DTS\Binn\;C:\Program Files (x86)\Microsoft SQL Server\150\DTS\Binn\;C:\Program Files\Git\cmd;C:\ProgramData\chocolatey\bin;C:\Program Files\apache-maven-3.6.3\bin;C:\Program Files\Java\jdk-14.0.2\bin;C:\Program Files\dotnet\;C:\Program Files\Microsoft SQL Server\Client SDK\ODBC\130\Tools\Binn\;C:\Program Files (x86)\Microsoft SQL Server\140\Tools\Binn\;C:\Program Files\Microsoft SQL Server\140\Tools\Binn\;C:\Program Files\Microsoft SQL Server\140\DTS\Binn\;C:\Program Files\Azure Data Studio\bin;C:\Program Files (x86)\dotnet\;C:\Program Files\NVIDIA Corporation\NVIDIA NvDLISR;C:\Program Files (x86)\NVIDIA Corporation\PhysX\Common;C:\Program Files\nodejs\;C:\Users\oneph\AppData\Local\Microsoft\WindowsApps;C:\Users\oneph\AppData\Local\Programs\Microsoft VS Code\bin;C:\Users\oneph\.dotnet\tools;C:\Users\oneph\.dotnet\tools;C:\Program Files\Azure Data Studio\bin;C:\Users\oneph\AppData\Roaming\npm;C:\Windows\system32;
USERNAME=oneph
OS=Windows_NT
PROCESSOR_IDENTIFIER=Intel64 Family 6 Model 37 Stepping 5, GenuineIntel



---------------  S Y S T E M  ---------------

OS: Windows 10 , 64 bit Build 19041 (10.0.19041.1889)
OS uptime: 0 days 4:02 hours

CPU:total 4 (initial active 4) (2 cores per cpu, 2 threads per core) family 6 model 37 stepping 5, cmov, cx8, fxsr, mmx, sse, sse2, sse3, ssse3, sse4.1, sse4.2, popcnt, ht, tsc, tscinvbit

Memory: 4k page, system-wide physical 10166M (94M free)
TotalPageFile size 40886M (AvailPageFile size 5M)
current process WorkingSet (physical memory assigned to process): 10M, peak: 10M
current process commit charge ("private bytes"): 49M, peak: 49M

vm_info: Java HotSpot(TM) 64-Bit Server VM (14.0.2+12-46) for windows-amd64 JRE (14.0.2+12-46), built on Jul  9 2020 00:35:52 by "mach5one" with MS VC++ 15.9 (VS2017)

END.
