#
# There is insufficient memory for the Java Runtime Environment to continue.
# Native memory allocation (malloc) failed to allocate 1048576 bytes for AllocateHeap
# Possible reasons:
#   The system is out of physical RAM or swap space
#   The process is running with CompressedOops enabled, and the Java Heap may be blocking the growth of the native heap
# Possible solutions:
#   Reduce memory load on the system
#   Increase physical memory or swap space
#   Check if swap backing store is full
#   Decrease Java heap size (-Xmx/-Xms)
#   Decrease number of Java threads
#   Decrease Java thread stack sizes (-Xss)
#   Set larger code cache with -XX:ReservedCodeCacheSize=
#   JVM is running with Zero Based Compressed Oops mode in which the Java heap is
#     placed in the first 32GB address space. The Java Heap base address is the
#     maximum limit for the native heap growth. Please use -XX:HeapBaseMinAddress
#     to set the Java Heap base and to place the Java Heap above 32GB virtual address.
# This output file may be truncated or incomplete.
#
#  Out of Memory Error (./open/src/hotspot/share/memory/allocation.cpp:44), pid=29240, tid=29376
#
# JRE version: Java(TM) SE Runtime Environment (14.0.2+12) (build 14.0.2+12-46)
# Java VM: Java HotSpot(TM) 64-Bit Server VM (14.0.2+12-46, mixed mode, sharing, tiered, compressed oops, g1 gc, windows-amd64)
# No core dump will be written. Minidumps are not enabled by default on client versions of Windows
#

---------------  S U M M A R Y ------------

Command Line: -Dfile.encoding=Cp1252 -XX:+ShowCodeDetailsInExceptionMessages Main.Main

Host: Intel(R) Core(TM) i3 CPU         550  @ 3.20GHz, 4 cores, 9G,  Windows 10 , 64 bit Build 19041 (10.0.19041.1889)
Time: Mon Nov  7 21:45:46 2022 GMT Standard Time elapsed time: 1 seconds (0d 0h 0m 1s)

---------------  T H R E A D  ---------------

Current thread (0x00000225de6b4000):  VMThread "VM Thread" [stack: 0x000000724b400000,0x000000724b500000] [id=29376]

Stack: [0x000000724b400000,0x000000724b500000]
[error occurred during error reporting (printing stack bounds), id 0xc0000005, EXCEPTION_ACCESS_VIOLATION (0xc0000005) at pc=0x00000225c73510bd]

Native frames: (J=compiled Java code, j=interpreted, Vv=VM code, C=native code)
V  [jvm.dll+0x5f8a9a]
V  [jvm.dll+0x74247a]
V  [jvm.dll+0x743c2f]
V  [jvm.dll+0x7441d5]
V  [jvm.dll+0x74418b]
V  [jvm.dll+0x5f7f6f]
V  [jvm.dll+0x5f8738]
C  [ntdll.dll+0xa241f]
C  [ntdll.dll+0x514a4]
C  [ntdll.dll+0xa0f4e]
C  0x00000225c73510bd

VM_Operation (0x000000724bbfe2e0): CollectForMetadataAllocation, mode: safepoint, requested by thread 0x00000225df032000


---------------  P R O C E S S  ---------------

Threads class SMR info:
_java_thread_list=0x00000225dfc56450, length=17, elements={
0x00000225de6bb000, 0x00000225de6bc000, 0x00000225de6db000, 0x00000225de6dd000,
0x00000225de6de000, 0x00000225de6df800, 0x00000225df032000, 0x00000225df057800,
0x00000225df130000, 0x00000225df132800, 0x00000225df365000, 0x00000225df36f000,
0x00000225df372800, 0x00000225dfe02800, 0x00000225dfe19800, 0x00000225dfe45000,
0x00000225beb99000
}

Java Threads: ( => current thread )
  0x00000225de6bb000 JavaThread "Reference Handler" daemon [_thread_blocked, id=29380, stack(0x000000724b500000,0x000000724b600000)]
  0x00000225de6bc000 JavaThread "Finalizer" daemon [_thread_blocked, id=29384, stack(0x000000724b600000,0x000000724b700000)]
  0x00000225de6db000 JavaThread "Signal Dispatcher" daemon [_thread_blocked, id=29392, stack(0x000000724b700000,0x000000724b800000)]
  0x00000225de6dd000 JavaThread "Attach Listener" daemon [_thread_blocked, id=29396, stack(0x000000724b800000,0x000000724b900000)]
  0x00000225de6de000 JavaThread "Service Thread" daemon [_thread_blocked, id=29400, stack(0x000000724b900000,0x000000724ba00000)]
  0x00000225de6df800 JavaThread "C2 CompilerThread0" daemon [_thread_blocked, id=29404, stack(0x000000724ba00000,0x000000724bb00000)]
  0x00000225df032000 JavaThread "C1 CompilerThread0" daemon [_thread_blocked, id=29408, stack(0x000000724bb00000,0x000000724bc00000)]
  0x00000225df057800 JavaThread "Sweeper thread" daemon [_thread_blocked, id=29412, stack(0x000000724bc00000,0x000000724bd00000)]
  0x00000225df130000 JavaThread "Notification Thread" daemon [_thread_blocked, id=29416, stack(0x000000724bd00000,0x000000724be00000)]
  0x00000225df132800 JavaThread "Common-Cleaner" daemon [_thread_blocked, id=29424, stack(0x000000724bf00000,0x000000724c000000)]
  0x00000225df365000 JavaThread "Java2D Disposer" daemon [_thread_blocked, id=29432, stack(0x000000724c000000,0x000000724c100000)]
  0x00000225df36f000 JavaThread "AWT-Shutdown" [_thread_blocked, id=29436, stack(0x000000724c100000,0x000000724c200000)]
  0x00000225df372800 JavaThread "AWT-Windows" daemon [_thread_in_native, id=29440, stack(0x000000724c200000,0x000000724c300000)]
  0x00000225dfe02800 JavaThread "Image Fetcher 0" daemon [_thread_blocked, id=29464, stack(0x000000724c500000,0x000000724c600000)]
  0x00000225dfe19800 JavaThread "AWT-EventQueue-0" [_thread_blocked, id=29484, stack(0x000000724c900000,0x000000724ca00000)]
  0x00000225dfe45000 JavaThread "D3D Screen Updater" daemon [_thread_blocked, id=29488, stack(0x000000724ca00000,0x000000724cb00000)]
  0x00000225beb99000 JavaThread "DestroyJavaVM" [_thread_blocked, id=29336, stack(0x000000724ae00000,0x000000724af00000)]

Other Threads:
=>0x00000225de6b4000 VMThread "VM Thread" [stack: 0x000000724b400000,0x000000724b500000] [id=29376]
  0x00000225df132000 WatcherThread [stack: 0x000000724be00000,0x000000724bf00000] [id=29420]
  0x00000225bebe6000 GCTaskThread "GC Thread#0" [stack: 0x000000724af00000,0x000000724b000000] [id=29352]
  0x00000225dfe2a000 GCTaskThread "GC Thread#1" [stack: 0x000000724c600000,0x000000724c700000] [id=29472]
  0x00000225dfe2b000 GCTaskThread "GC Thread#2" [stack: 0x000000724c700000,0x000000724c800000] [id=29476]
  0x00000225dfe46000 GCTaskThread "GC Thread#3" [stack: 0x000000724c800000,0x000000724c900000] [id=29480]
  0x00000225bebfd000 ConcurrentGCThread "G1 Main Marker" [stack: 0x000000724b000000,0x000000724b100000] [id=29356]
  0x00000225bebff000 ConcurrentGCThread "G1 Conc#0" [stack: 0x000000724b100000,0x000000724b200000] [id=29360]
  0x00000225de526800 ConcurrentGCThread "G1 Refine#0" [stack: 0x000000724b200000,0x000000724b300000] [id=29368]
  0x00000225de52a000 ConcurrentGCThread "G1 Young RemSet Sampling" [stack: 0x000000724b300000,0x000000724b400000] [id=29372]

Threads with active compile tasks:
C1 CompilerThread0     1630  742       3       sun.nio.ch.FileChannelImpl::endBlocking (13 bytes)

VM state:at safepoint (normal execution)

VM Mutex/Monitor currently owned by a thread:  ([mutex/lock_event])
[0x00000225beb957c0] Threads_lock - owner thread: 0x00000225de6b4000
[0x00000225beb940b0] Heap_lock - owner thread: 0x00000225df032000
[0x00000225beb93d50] MethodData_lock - owner thread: 0x00000225df032000

Heap address: 0x0000000761200000, size: 2542 MB, Compressed Oops mode: Zero based, Oop shift amount: 3
Narrow klass base: 0x0000000800000000, Narrow klass shift: 3
Compressed class space size: 1073741824 Address: 0x0000000800b30000

Heap:
 garbage-first heap   total 163840K, used 13942K [0x0000000761200000, 0x0000000800000000)
  region size 1024K, 1 young (1024K), 1 survivors (1024K)
 Metaspace       used 7039K, capacity 7259K, committed 7424K, reserved 1069056K
  class space    used 804K, capacity 897K, committed 1024K, reserved 1048576K
Heap Regions: E=young(eden), S=young(survivor), O=old, HS=humongous(starts), HC=humongous(continues), CS=collection set, F=free, OA=open archive, CA=closed archive, TAMS=top-at-mark-start (previous, next)
|   0|0x0000000761200000, 0x0000000761300000, 0x0000000761300000|100%|HS|  |TAMS 0x0000000761200000, 0x0000000761300000| Complete 
|   1|0x0000000761300000, 0x0000000761400000, 0x0000000761400000|100%|HC|  |TAMS 0x0000000761300000, 0x0000000761400000| Complete 
|   2|0x0000000761400000, 0x0000000761500000, 0x0000000761500000|100%|HC|  |TAMS 0x0000000761400000, 0x0000000761500000| Complete 
|   3|0x0000000761500000, 0x0000000761600000, 0x0000000761600000|100%|HC|  |TAMS 0x0000000761500000, 0x0000000761600000| Complete 
|   4|0x0000000761600000, 0x0000000761700000, 0x0000000761700000|100%|HC|  |TAMS 0x0000000761600000, 0x0000000761700000| Complete 
|   5|0x0000000761700000, 0x0000000761800000, 0x0000000761800000|100%|HC|  |TAMS 0x0000000761700000, 0x0000000761800000| Complete 
|   6|0x0000000761800000, 0x0000000761900000, 0x0000000761900000|100%|HC|  |TAMS 0x0000000761800000, 0x0000000761900000| Complete 
|   7|0x0000000761900000, 0x0000000761a00000, 0x0000000761a00000|100%|HC|  |TAMS 0x0000000761900000, 0x0000000761a00000| Complete 
|   8|0x0000000761a00000, 0x0000000761b00000, 0x0000000761b00000|100%|HC|  |TAMS 0x0000000761a00000, 0x0000000761b00000| Complete 
|   9|0x0000000761b00000, 0x0000000761c00000, 0x0000000761c00000|100%|HC|  |TAMS 0x0000000761b00000, 0x0000000761c00000| Complete 
|  10|0x0000000761c00000, 0x0000000761d00000, 0x0000000761d00000|100%|HC|  |TAMS 0x0000000761c00000, 0x0000000761d00000| Complete 
|  11|0x0000000761d00000, 0x0000000761e00000, 0x0000000761e00000|100%| O|  |TAMS 0x0000000761d00000, 0x0000000761d39800| Untracked 
|  12|0x0000000761e00000, 0x0000000761f00000, 0x0000000761f00000|100%| O|  |TAMS 0x0000000761e00000, 0x0000000761e00000| Untracked 
|  13|0x0000000761f00000, 0x0000000761f26a00, 0x0000000762000000| 15%| O|  |TAMS 0x0000000761f00000, 0x0000000761f00000| Untracked 
|  14|0x0000000762000000, 0x0000000762000000, 0x0000000762100000|  0%| F|  |TAMS 0x0000000762000000, 0x0000000762000000| Untracked 
|  15|0x0000000762100000, 0x0000000762100000, 0x0000000762200000|  0%| F|  |TAMS 0x0000000762100000, 0x0000000762100000| Untracked 
|  16|0x0000000762200000, 0x0000000762200000, 0x0000000762300000|  0%| F|  |TAMS 0x0000000762200000, 0x0000000762200000| Untracked 
|  17|0x0000000762300000, 0x0000000762300000, 0x0000000762400000|  0%| F|  |TAMS 0x0000000762300000, 0x0000000762300000| Untracked 
|  18|0x0000000762400000, 0x0000000762400000, 0x0000000762500000|  0%| F|  |TAMS 0x0000000762400000, 0x0000000762400000| Untracked 
|  19|0x0000000762500000, 0x0000000762500000, 0x0000000762600000|  0%| F|  |TAMS 0x0000000762500000, 0x0000000762500000| Untracked 
|  20|0x0000000762600000, 0x0000000762600000, 0x0000000762700000|  0%| F|  |TAMS 0x0000000762600000, 0x0000000762600000| Untracked 
|  21|0x0000000762700000, 0x0000000762700000, 0x0000000762800000|  0%| F|  |TAMS 0x0000000762700000, 0x0000000762700000| Untracked 
|  22|0x0000000762800000, 0x0000000762800000, 0x0000000762900000|  0%| F|  |TAMS 0x0000000762800000, 0x0000000762800000| Untracked 
|  23|0x0000000762900000, 0x0000000762900000, 0x0000000762a00000|  0%| F|  |TAMS 0x0000000762900000, 0x0000000762900000| Untracked 
|  24|0x0000000762a00000, 0x0000000762a00000, 0x0000000762b00000|  0%| F|  |TAMS 0x0000000762a00000, 0x0000000762a00000| Untracked 
|  25|0x0000000762b00000, 0x0000000762b00000, 0x0000000762c00000|  0%| F|  |TAMS 0x0000000762b00000, 0x0000000762b00000| Untracked 
|  26|0x0000000762c00000, 0x0000000762c00000, 0x0000000762d00000|  0%| F|  |TAMS 0x0000000762c00000, 0x0000000762c00000| Untracked 
|  27|0x0000000762d00000, 0x0000000762d00000, 0x0000000762e00000|  0%| F|  |TAMS 0x0000000762d00000, 0x0000000762d00000| Untracked 
|  28|0x0000000762e00000, 0x0000000762e00000, 0x0000000762f00000|  0%| F|  |TAMS 0x0000000762e00000, 0x0000000762e00000| Untracked 
|  29|0x0000000762f00000, 0x0000000762f00000, 0x0000000763000000|  0%| F|  |TAMS 0x0000000762f00000, 0x0000000762f00000| Untracked 
|  30|0x0000000763000000, 0x0000000763000000, 0x0000000763100000|  0%| F|  |TAMS 0x0000000763000000, 0x0000000763000000| Untracked 
|  31|0x0000000763100000, 0x0000000763100000, 0x0000000763200000|  0%| F|  |TAMS 0x0000000763100000, 0x0000000763100000| Untracked 
|  32|0x0000000763200000, 0x0000000763200000, 0x0000000763300000|  0%| F|  |TAMS 0x0000000763200000, 0x0000000763200000| Untracked 
|  33|0x0000000763300000, 0x0000000763300000, 0x0000000763400000|  0%| F|  |TAMS 0x0000000763300000, 0x0000000763300000| Untracked 
|  34|0x0000000763400000, 0x0000000763400000, 0x0000000763500000|  0%| F|  |TAMS 0x0000000763400000, 0x0000000763400000| Untracked 
|  35|0x0000000763500000, 0x0000000763500000, 0x0000000763600000|  0%| F|  |TAMS 0x0000000763500000, 0x0000000763500000| Untracked 
|  36|0x0000000763600000, 0x0000000763600000, 0x0000000763700000|  0%| F|  |TAMS 0x0000000763600000, 0x0000000763600000| Untracked 
|  37|0x0000000763700000, 0x0000000763700000, 0x0000000763800000|  0%| F|  |TAMS 0x0000000763700000, 0x0000000763700000| Untracked 
|  38|0x0000000763800000, 0x0000000763800000, 0x0000000763900000|  0%| F|  |TAMS 0x0000000763800000, 0x0000000763800000| Untracked 
|  39|0x0000000763900000, 0x0000000763900000, 0x0000000763a00000|  0%| F|  |TAMS 0x0000000763900000, 0x0000000763900000| Untracked 
|  40|0x0000000763a00000, 0x0000000763a00000, 0x0000000763b00000|  0%| F|  |TAMS 0x0000000763a00000, 0x0000000763a00000| Untracked 
|  41|0x0000000763b00000, 0x0000000763b00000, 0x0000000763c00000|  0%| F|  |TAMS 0x0000000763b00000, 0x0000000763b00000| Untracked 
|  42|0x0000000763c00000, 0x0000000763c00000, 0x0000000763d00000|  0%| F|  |TAMS 0x0000000763c00000, 0x0000000763c00000| Untracked 
|  43|0x0000000763d00000, 0x0000000763d00000, 0x0000000763e00000|  0%| F|  |TAMS 0x0000000763d00000, 0x0000000763d00000| Untracked 
|  44|0x0000000763e00000, 0x0000000763e00000, 0x0000000763f00000|  0%| F|  |TAMS 0x0000000763e00000, 0x0000000763e00000| Untracked 
|  45|0x0000000763f00000, 0x0000000763f00000, 0x0000000764000000|  0%| F|  |TAMS 0x0000000763f00000, 0x0000000763f00000| Untracked 
|  46|0x0000000764000000, 0x0000000764000000, 0x0000000764100000|  0%| F|  |TAMS 0x0000000764000000, 0x0000000764000000| Untracked 
|  47|0x0000000764100000, 0x0000000764100000, 0x0000000764200000|  0%| F|  |TAMS 0x0000000764100000, 0x0000000764100000| Untracked 
|  48|0x0000000764200000, 0x0000000764200000, 0x0000000764300000|  0%| F|  |TAMS 0x0000000764200000, 0x0000000764200000| Untracked 
|  49|0x0000000764300000, 0x0000000764300000, 0x0000000764400000|  0%| F|  |TAMS 0x0000000764300000, 0x0000000764300000| Untracked 
|  50|0x0000000764400000, 0x0000000764400000, 0x0000000764500000|  0%| F|  |TAMS 0x0000000764400000, 0x0000000764400000| Untracked 
|  51|0x0000000764500000, 0x0000000764500000, 0x0000000764600000|  0%| F|  |TAMS 0x0000000764500000, 0x0000000764500000| Untracked 
|  52|0x0000000764600000, 0x0000000764600000, 0x0000000764700000|  0%| F|  |TAMS 0x0000000764600000, 0x0000000764600000| Untracked 
|  53|0x0000000764700000, 0x0000000764700000, 0x0000000764800000|  0%| F|  |TAMS 0x0000000764700000, 0x0000000764700000| Untracked 
|  54|0x0000000764800000, 0x0000000764800000, 0x0000000764900000|  0%| F|  |TAMS 0x0000000764800000, 0x0000000764800000| Untracked 
|  55|0x0000000764900000, 0x0000000764900000, 0x0000000764a00000|  0%| F|  |TAMS 0x0000000764900000, 0x0000000764900000| Untracked 
|  56|0x0000000764a00000, 0x0000000764a00000, 0x0000000764b00000|  0%| F|  |TAMS 0x0000000764a00000, 0x0000000764a00000| Untracked 
|  57|0x0000000764b00000, 0x0000000764b00000, 0x0000000764c00000|  0%| F|  |TAMS 0x0000000764b00000, 0x0000000764b00000| Untracked 
|  58|0x0000000764c00000, 0x0000000764c00000, 0x0000000764d00000|  0%| F|  |TAMS 0x0000000764c00000, 0x0000000764c00000| Untracked 
|  59|0x0000000764d00000, 0x0000000764d00000, 0x0000000764e00000|  0%| F|  |TAMS 0x0000000764d00000, 0x0000000764d00000| Untracked 
|  60|0x0000000764e00000, 0x0000000764e00000, 0x0000000764f00000|  0%| F|  |TAMS 0x0000000764e00000, 0x0000000764e00000| Untracked 
|  61|0x0000000764f00000, 0x0000000764f00000, 0x0000000765000000|  0%| F|  |TAMS 0x0000000764f00000, 0x0000000764f00000| Untracked 
|  62|0x0000000765000000, 0x0000000765000000, 0x0000000765100000|  0%| F|  |TAMS 0x0000000765000000, 0x0000000765000000| Untracked 
|  63|0x0000000765100000, 0x0000000765100000, 0x0000000765200000|  0%| F|  |TAMS 0x0000000765100000, 0x0000000765100000| Untracked 
|  64|0x0000000765200000, 0x0000000765200000, 0x0000000765300000|  0%| F|  |TAMS 0x0000000765200000, 0x0000000765200000| Untracked 
|  65|0x0000000765300000, 0x0000000765300000, 0x0000000765400000|  0%| F|  |TAMS 0x0000000765300000, 0x0000000765300000| Untracked 
|  66|0x0000000765400000, 0x0000000765400000, 0x0000000765500000|  0%| F|  |TAMS 0x0000000765400000, 0x0000000765400000| Untracked 
|  67|0x0000000765500000, 0x0000000765500000, 0x0000000765600000|  0%| F|  |TAMS 0x0000000765500000, 0x0000000765500000| Untracked 
|  68|0x0000000765600000, 0x0000000765600000, 0x0000000765700000|  0%| F|  |TAMS 0x0000000765600000, 0x0000000765600000| Untracked 
|  69|0x0000000765700000, 0x0000000765700000, 0x0000000765800000|  0%| F|  |TAMS 0x0000000765700000, 0x0000000765700000| Untracked 
|  70|0x0000000765800000, 0x0000000765800000, 0x0000000765900000|  0%| F|  |TAMS 0x0000000765800000, 0x0000000765800000| Untracked 
|  71|0x0000000765900000, 0x0000000765900000, 0x0000000765a00000|  0%| F|  |TAMS 0x0000000765900000, 0x0000000765900000| Untracked 
|  72|0x0000000765a00000, 0x0000000765a00000, 0x0000000765b00000|  0%| F|  |TAMS 0x0000000765a00000, 0x0000000765a00000| Untracked 
|  73|0x0000000765b00000, 0x0000000765b00000, 0x0000000765c00000|  0%| F|  |TAMS 0x0000000765b00000, 0x0000000765b00000| Untracked 
|  74|0x0000000765c00000, 0x0000000765c00000, 0x0000000765d00000|  0%| F|  |TAMS 0x0000000765c00000, 0x0000000765c00000| Untracked 
|  75|0x0000000765d00000, 0x0000000765d00000, 0x0000000765e00000|  0%| F|  |TAMS 0x0000000765d00000, 0x0000000765d00000| Untracked 
|  76|0x0000000765e00000, 0x0000000765e00000, 0x0000000765f00000|  0%| F|  |TAMS 0x0000000765e00000, 0x0000000765e00000| Untracked 
|  77|0x0000000765f00000, 0x0000000765f00000, 0x0000000766000000|  0%| F|  |TAMS 0x0000000765f00000, 0x0000000765f00000| Untracked 
|  78|0x0000000766000000, 0x0000000766000000, 0x0000000766100000|  0%| F|  |TAMS 0x0000000766000000, 0x0000000766000000| Untracked 
|  79|0x0000000766100000, 0x0000000766100000, 0x0000000766200000|  0%| F|  |TAMS 0x0000000766100000, 0x0000000766100000| Untracked 
|  80|0x0000000766200000, 0x0000000766200000, 0x0000000766300000|  0%| F|  |TAMS 0x0000000766200000, 0x0000000766200000| Untracked 
|  81|0x0000000766300000, 0x0000000766300000, 0x0000000766400000|  0%| F|  |TAMS 0x0000000766300000, 0x0000000766300000| Untracked 
|  82|0x0000000766400000, 0x0000000766400000, 0x0000000766500000|  0%| F|  |TAMS 0x0000000766400000, 0x0000000766400000| Untracked 
|  83|0x0000000766500000, 0x0000000766500000, 0x0000000766600000|  0%| F|  |TAMS 0x0000000766500000, 0x0000000766500000| Untracked 
|  84|0x0000000766600000, 0x0000000766600000, 0x0000000766700000|  0%| F|  |TAMS 0x0000000766600000, 0x0000000766600000| Untracked 
|  85|0x0000000766700000, 0x0000000766700000, 0x0000000766800000|  0%| F|  |TAMS 0x0000000766700000, 0x0000000766700000| Untracked 
|  86|0x0000000766800000, 0x0000000766800000, 0x0000000766900000|  0%| F|  |TAMS 0x0000000766800000, 0x0000000766800000| Untracked 
|  87|0x0000000766900000, 0x0000000766900000, 0x0000000766a00000|  0%| F|  |TAMS 0x0000000766900000, 0x0000000766900000| Untracked 
|  88|0x0000000766a00000, 0x0000000766a00000, 0x0000000766b00000|  0%| F|  |TAMS 0x0000000766a00000, 0x0000000766a00000| Untracked 
|  89|0x0000000766b00000, 0x0000000766b00000, 0x0000000766c00000|  0%| F|  |TAMS 0x0000000766b00000, 0x0000000766b00000| Untracked 
|  90|0x0000000766c00000, 0x0000000766c00000, 0x0000000766d00000|  0%| F|  |TAMS 0x0000000766c00000, 0x0000000766c00000| Untracked 
|  91|0x0000000766d00000, 0x0000000766d00000, 0x0000000766e00000|  0%| F|  |TAMS 0x0000000766d00000, 0x0000000766d00000| Untracked 
|  92|0x0000000766e00000, 0x0000000766e00000, 0x0000000766f00000|  0%| F|  |TAMS 0x0000000766e00000, 0x0000000766e00000| Untracked 
|  93|0x0000000766f00000, 0x0000000766f00000, 0x0000000767000000|  0%| F|  |TAMS 0x0000000766f00000, 0x0000000766f00000| Untracked 
|  94|0x0000000767000000, 0x0000000767000000, 0x0000000767100000|  0%| F|  |TAMS 0x0000000767000000, 0x0000000767000000| Untracked 
|  95|0x0000000767100000, 0x0000000767100000, 0x0000000767200000|  0%| F|  |TAMS 0x0000000767100000, 0x0000000767100000| Untracked 
|  96|0x0000000767200000, 0x0000000767200000, 0x0000000767300000|  0%| F|  |TAMS 0x0000000767200000, 0x0000000767200000| Untracked 
|  97|0x0000000767300000, 0x0000000767300000, 0x0000000767400000|  0%| F|  |TAMS 0x0000000767300000, 0x0000000767300000| Untracked 
|  98|0x0000000767400000, 0x0000000767400000, 0x0000000767500000|  0%| F|  |TAMS 0x0000000767400000, 0x0000000767400000| Untracked 
|  99|0x0000000767500000, 0x0000000767500000, 0x0000000767600000|  0%| F|  |TAMS 0x0000000767500000, 0x0000000767500000| Untracked 
| 100|0x0000000767600000, 0x0000000767600000, 0x0000000767700000|  0%| F|  |TAMS 0x0000000767600000, 0x0000000767600000| Untracked 
| 101|0x0000000767700000, 0x0000000767700000, 0x0000000767800000|  0%| F|  |TAMS 0x0000000767700000, 0x0000000767700000| Untracked 
| 102|0x0000000767800000, 0x0000000767800000, 0x0000000767900000|  0%| F|  |TAMS 0x0000000767800000, 0x0000000767800000| Untracked 
| 103|0x0000000767900000, 0x0000000767900000, 0x0000000767a00000|  0%| F|  |TAMS 0x0000000767900000, 0x0000000767900000| Untracked 
| 104|0x0000000767a00000, 0x0000000767a00000, 0x0000000767b00000|  0%| F|  |TAMS 0x0000000767a00000, 0x0000000767a00000| Untracked 
| 105|0x0000000767b00000, 0x0000000767b00000, 0x0000000767c00000|  0%| F|  |TAMS 0x0000000767b00000, 0x0000000767b00000| Untracked 
| 106|0x0000000767c00000, 0x0000000767c00000, 0x0000000767d00000|  0%| F|  |TAMS 0x0000000767c00000, 0x0000000767c00000| Untracked 
| 107|0x0000000767d00000, 0x0000000767d00000, 0x0000000767e00000|  0%| F|  |TAMS 0x0000000767d00000, 0x0000000767d00000| Untracked 
| 108|0x0000000767e00000, 0x0000000767e00000, 0x0000000767f00000|  0%| F|  |TAMS 0x0000000767e00000, 0x0000000767e00000| Untracked 
| 109|0x0000000767f00000, 0x0000000767f00000, 0x0000000768000000|  0%| F|  |TAMS 0x0000000767f00000, 0x0000000767f00000| Untracked 
| 110|0x0000000768000000, 0x0000000768000000, 0x0000000768100000|  0%| F|  |TAMS 0x0000000768000000, 0x0000000768000000| Untracked 
| 111|0x0000000768100000, 0x0000000768100000, 0x0000000768200000|  0%| F|  |TAMS 0x0000000768100000, 0x0000000768100000| Untracked 
| 112|0x0000000768200000, 0x0000000768200000, 0x0000000768300000|  0%| F|  |TAMS 0x0000000768200000, 0x0000000768200000| Untracked 
| 113|0x0000000768300000, 0x0000000768300000, 0x0000000768400000|  0%| F|  |TAMS 0x0000000768300000, 0x0000000768300000| Untracked 
| 114|0x0000000768400000, 0x0000000768400000, 0x0000000768500000|  0%| F|  |TAMS 0x0000000768400000, 0x0000000768400000| Untracked 
| 115|0x0000000768500000, 0x0000000768500000, 0x0000000768600000|  0%| F|  |TAMS 0x0000000768500000, 0x0000000768500000| Untracked 
| 116|0x0000000768600000, 0x0000000768600000, 0x0000000768700000|  0%| F|  |TAMS 0x0000000768600000, 0x0000000768600000| Untracked 
| 117|0x0000000768700000, 0x0000000768700000, 0x0000000768800000|  0%| F|  |TAMS 0x0000000768700000, 0x0000000768700000| Untracked 
| 118|0x0000000768800000, 0x0000000768800000, 0x0000000768900000|  0%| F|  |TAMS 0x0000000768800000, 0x0000000768800000| Untracked 
| 119|0x0000000768900000, 0x0000000768900000, 0x0000000768a00000|  0%| F|  |TAMS 0x0000000768900000, 0x0000000768900000| Untracked 
| 120|0x0000000768a00000, 0x0000000768a00000, 0x0000000768b00000|  0%| F|  |TAMS 0x0000000768a00000, 0x0000000768a00000| Untracked 
| 121|0x0000000768b00000, 0x0000000768b00000, 0x0000000768c00000|  0%| F|  |TAMS 0x0000000768b00000, 0x0000000768b00000| Untracked 
| 122|0x0000000768c00000, 0x0000000768c00000, 0x0000000768d00000|  0%| F|  |TAMS 0x0000000768c00000, 0x0000000768c00000| Untracked 
| 123|0x0000000768d00000, 0x0000000768d00000, 0x0000000768e00000|  0%| F|  |TAMS 0x0000000768d00000, 0x0000000768d00000| Untracked 
| 124|0x0000000768e00000, 0x0000000768e00000, 0x0000000768f00000|  0%| F|  |TAMS 0x0000000768e00000, 0x0000000768e00000| Untracked 
| 125|0x0000000768f00000, 0x0000000768f00000, 0x0000000769000000|  0%| F|  |TAMS 0x0000000768f00000, 0x0000000768f00000| Untracked 
| 126|0x0000000769000000, 0x0000000769000000, 0x0000000769100000|  0%| F|  |TAMS 0x0000000769000000, 0x0000000769000000| Untracked 
| 127|0x0000000769100000, 0x0000000769100000, 0x0000000769200000|  0%| F|  |TAMS 0x0000000769100000, 0x0000000769100000| Untracked 
| 128|0x0000000769200000, 0x0000000769200000, 0x0000000769300000|  0%| F|  |TAMS 0x0000000769200000, 0x0000000769200000| Untracked 
| 129|0x0000000769300000, 0x0000000769300000, 0x0000000769400000|  0%| F|  |TAMS 0x0000000769300000, 0x0000000769300000| Untracked 
| 130|0x0000000769400000, 0x0000000769400000, 0x0000000769500000|  0%| F|  |TAMS 0x0000000769400000, 0x0000000769400000| Untracked 
| 131|0x0000000769500000, 0x0000000769500000, 0x0000000769600000|  0%| F|  |TAMS 0x0000000769500000, 0x0000000769500000| Untracked 
| 132|0x0000000769600000, 0x0000000769600000, 0x0000000769700000|  0%| F|  |TAMS 0x0000000769600000, 0x0000000769600000| Untracked 
| 133|0x0000000769700000, 0x0000000769700000, 0x0000000769800000|  0%| F|  |TAMS 0x0000000769700000, 0x0000000769700000| Untracked 
| 134|0x0000000769800000, 0x0000000769800000, 0x0000000769900000|  0%| F|  |TAMS 0x0000000769800000, 0x0000000769800000| Untracked 
| 135|0x0000000769900000, 0x0000000769900000, 0x0000000769a00000|  0%| F|  |TAMS 0x0000000769900000, 0x0000000769900000| Untracked 
| 136|0x0000000769a00000, 0x0000000769a00000, 0x0000000769b00000|  0%| F|  |TAMS 0x0000000769a00000, 0x0000000769a00000| Untracked 
| 137|0x0000000769b00000, 0x0000000769b00000, 0x0000000769c00000|  0%| F|  |TAMS 0x0000000769b00000, 0x0000000769b00000| Untracked 
| 138|0x0000000769c00000, 0x0000000769c00000, 0x0000000769d00000|  0%| F|  |TAMS 0x0000000769c00000, 0x0000000769c00000| Untracked 
| 139|0x0000000769d00000, 0x0000000769d00000, 0x0000000769e00000|  0%| F|  |TAMS 0x0000000769d00000, 0x0000000769d00000| Untracked 
| 140|0x0000000769e00000, 0x0000000769e00000, 0x0000000769f00000|  0%| F|  |TAMS 0x0000000769e00000, 0x0000000769e00000| Untracked 
| 141|0x0000000769f00000, 0x0000000769f00000, 0x000000076a000000|  0%| F|  |TAMS 0x0000000769f00000, 0x0000000769f00000| Untracked 
| 142|0x000000076a000000, 0x000000076a000000, 0x000000076a100000|  0%| F|  |TAMS 0x000000076a000000, 0x000000076a000000| Untracked 
| 143|0x000000076a100000, 0x000000076a100000, 0x000000076a200000|  0%| F|  |TAMS 0x000000076a100000, 0x000000076a100000| Untracked 
| 144|0x000000076a200000, 0x000000076a200000, 0x000000076a300000|  0%| F|  |TAMS 0x000000076a200000, 0x000000076a200000| Untracked 
| 145|0x000000076a300000, 0x000000076a300000, 0x000000076a400000|  0%| F|  |TAMS 0x000000076a300000, 0x000000076a300000| Untracked 
| 146|0x000000076a400000, 0x000000076a400000, 0x000000076a500000|  0%| F|  |TAMS 0x000000076a400000, 0x000000076a400000| Untracked 
| 147|0x000000076a500000, 0x000000076a500000, 0x000000076a600000|  0%| F|  |TAMS 0x000000076a500000, 0x000000076a500000| Untracked 
| 148|0x000000076a600000, 0x000000076a600000, 0x000000076a700000|  0%| F|  |TAMS 0x000000076a600000, 0x000000076a600000| Untracked 
| 149|0x000000076a700000, 0x000000076a700000, 0x000000076a800000|  0%| F|  |TAMS 0x000000076a700000, 0x000000076a700000| Untracked 
| 150|0x000000076a800000, 0x000000076a800000, 0x000000076a900000|  0%| F|  |TAMS 0x000000076a800000, 0x000000076a800000| Untracked 
| 151|0x000000076a900000, 0x000000076a900000, 0x000000076aa00000|  0%| F|  |TAMS 0x000000076a900000, 0x000000076a900000| Untracked 
| 152|0x000000076aa00000, 0x000000076aa00000, 0x000000076ab00000|  0%| F|  |TAMS 0x000000076aa00000, 0x000000076aa00000| Untracked 
| 153|0x000000076ab00000, 0x000000076ab00000, 0x000000076ac00000|  0%| F|  |TAMS 0x000000076ab00000, 0x000000076ab00000| Untracked 
| 154|0x000000076ac00000, 0x000000076ac76f70, 0x000000076ad00000| 46%| S|CS|TAMS 0x000000076ac00000, 0x000000076ac00000| Complete 
| 155|0x000000076ad00000, 0x000000076ad00000, 0x000000076ae00000|  0%| F|  |TAMS 0x000000076ad00000, 0x000000076ad00000| Untracked 
| 156|0x000000076ae00000, 0x000000076ae00000, 0x000000076af00000|  0%| F|  |TAMS 0x000000076ae00000, 0x000000076ae00000| Untracked 
| 157|0x000000076af00000, 0x000000076af00000, 0x000000076b000000|  0%| F|  |TAMS 0x000000076af00000, 0x000000076af00000| Untracked 
| 158|0x000000076b000000, 0x000000076b000000, 0x000000076b100000|  0%| F|  |TAMS 0x000000076b000000, 0x000000076b000000| Untracked 
| 159|0x000000076b100000, 0x000000076b100000, 0x000000076b200000|  0%| F|  |TAMS 0x000000076b100000, 0x000000076b100000| Untracked 

Card table byte_map: [0x00000225d6850000,0x00000225d6d50000] _byte_map_base: 0x00000225d2d47000

Marking Bits (Prev, Next): (CMBitMap*) 0x00000225bebe7be8, (CMBitMap*) 0x00000225bebe7c28
 Prev Bits: [0x00000225d7250000, 0x00000225d9a08000)
 Next Bits: [0x00000225d9a10000, 0x00000225dc1c8000)

Polling page: 0x00000225bca60000

Metaspace:

Usage:
  Non-class:      6.21 MB capacity,     6.09 MB ( 98%) used,   108.63 KB (  2%) free+waste,    17.75 KB ( <1%) overhead. 
      Class:    897.00 KB capacity,   804.33 KB ( 90%) used,    80.42 KB (  9%) free+waste,    12.25 KB (  1%) overhead. 
       Both:      7.09 MB capacity,     6.87 MB ( 97%) used,   189.05 KB (  3%) free+waste,    30.00 KB ( <1%) overhead. 

Virtual space:
  Non-class space:       20.00 MB reserved,       6.25 MB ( 31%) committed 
      Class space:        1.00 GB reserved,       1.00 MB ( <1%) committed 
             Both:        1.02 GB reserved,       7.25 MB ( <1%) committed 

Chunk freelists:
   Non-Class:  38.00 KB
       Class:  1.00 KB
        Both:  39.00 KB

MaxMetaspaceSize: 17179869184.00 GB
CompressedClassSpaceSize: 1.00 GB

CodeHeap 'non-profiled nmethods': size=120000Kb used=207Kb max_used=207Kb free=119793Kb
 bounds [0x00000225cee20000, 0x00000225cf090000, 0x00000225d6350000]
CodeHeap 'profiled nmethods': size=120000Kb used=1196Kb max_used=1196Kb free=118803Kb
 bounds [0x00000225c78f0000, 0x00000225c7b60000, 0x00000225cee20000]
CodeHeap 'non-nmethods': size=5760Kb used=1275Kb max_used=1291Kb free=4484Kb
 bounds [0x00000225c7350000, 0x00000225c75c0000, 0x00000225c78f0000]
 total_blobs=1305 nmethods=740 adapters=479
 compilation: enabled
              stopped_count=0, restarted_count=0
 full_count=0

Compilation events (20 events):
Event: 1.575 Thread 0x00000225de6df800  733       4       sun.java2d.pipe.RenderBuffer::putInt (26 bytes)
Event: 1.575 Thread 0x00000225df032000 nmethod 732 0x00000225cee53610 code [0x00000225cee537a0, 0x00000225cee53878]
Event: 1.575 Thread 0x00000225df032000  734       3       java.awt.geom.Path2D$Iterator::isDone (20 bytes)
Event: 1.575 Thread 0x00000225df032000 nmethod 734 0x00000225c7a17310 code [0x00000225c7a174a0, 0x00000225c7a17638]
Event: 1.575 Thread 0x00000225df032000  735       3       sun.java2d.loops.ProcessPath::CLIPCLAMP (99 bytes)
Event: 1.576 Thread 0x00000225df032000 nmethod 735 0x00000225c7a17710 code [0x00000225c7a178e0, 0x00000225c7a17d48]
Event: 1.576 Thread 0x00000225de6df800 nmethod 733 0x00000225cee53910 code [0x00000225cee53aa0, 0x00000225cee53b58]
Event: 1.579 Thread 0x00000225df032000  736       3       java.awt.geom.RectIterator::currentSegment (129 bytes)
Event: 1.579 Thread 0x00000225df032000 nmethod 736 0x00000225c7a17f90 code [0x00000225c7a18180, 0x00000225c7a18758]
Event: 1.579 Thread 0x00000225df032000  737       3       java.awt.geom.Path2D$Float::needRoom (72 bytes)
Event: 1.580 Thread 0x00000225df032000 nmethod 737 0x00000225c7a18910 code [0x00000225c7a18ae0, 0x00000225c7a18ec8]
Event: 1.580 Thread 0x00000225df032000  738       3       java.awt.geom.RectIterator::next (11 bytes)
Event: 1.580 Thread 0x00000225df032000 nmethod 738 0x00000225c7a19010 code [0x00000225c7a191a0, 0x00000225c7a192b8]
Event: 1.581 Thread 0x00000225df032000  739       3       java.util.concurrent.ConcurrentHashMap::put (8 bytes)
Event: 1.581 Thread 0x00000225df032000 nmethod 739 0x00000225c7a19390 code [0x00000225c7a19540, 0x00000225c7a19688]
Event: 1.581 Thread 0x00000225df032000  740       3       java.nio.channels.spi.AbstractInterruptibleChannel::begin (48 bytes)
Event: 1.582 Thread 0x00000225df032000 nmethod 740 0x00000225c7a19710 code [0x00000225c7a19920, 0x00000225c7a1a248]
Event: 1.582 Thread 0x00000225df032000  741   !   3       sun.nio.ch.NativeThreadSet::add (155 bytes)
Event: 1.583 Thread 0x00000225df032000 nmethod 741 0x00000225c7a1a510 code [0x00000225c7a1a6e0, 0x00000225c7a1ae08]
Event: 1.583 Thread 0x00000225df032000  742       3       sun.nio.ch.FileChannelImpl::endBlocking (13 bytes)

GC Heap History (4 events):
Event: 1.217 GC heap before
{Heap before GC invocations=0 (full 0):
 garbage-first heap   total 163840K, used 23552K [0x0000000761200000, 0x0000000800000000)
  region size 1024K, 13 young (13312K), 0 survivors (0K)
 Metaspace       used 4774K, capacity 4971K, committed 4992K, reserved 1056768K
  class space    used 527K, capacity 626K, committed 640K, reserved 1048576K
}
Event: 1.224 GC heap after
{Heap after GC invocations=1 (full 0):
 garbage-first heap   total 163840K, used 13542K [0x0000000761200000, 0x0000000800000000)
  region size 1024K, 2 young (2048K), 2 survivors (2048K)
 Metaspace       used 4774K, capacity 4971K, committed 4992K, reserved 1056768K
  class space    used 527K, capacity 626K, committed 640K, reserved 1048576K
}
Event: 1.584 GC heap before
{Heap before GC invocations=1 (full 0):
 garbage-first heap   total 163840K, used 17638K [0x0000000761200000, 0x0000000800000000)
  region size 1024K, 7 young (7168K), 2 survivors (2048K)
 Metaspace       used 7039K, capacity 7259K, committed 7424K, reserved 1067008K
  class space    used 804K, capacity 897K, committed 1024K, reserved 1048576K
}
Event: 1.589 GC heap after
{Heap after GC invocations=2 (full 0):
 garbage-first heap   total 163840K, used 13942K [0x0000000761200000, 0x0000000800000000)
  region size 1024K, 1 young (1024K), 1 survivors (1024K)
 Metaspace       used 7039K, capacity 7259K, committed 7424K, reserved 1067008K
  class space    used 804K, capacity 897K, committed 1024K, reserved 1048576K
}

Deoptimization events (20 events):
Event: 1.086 Thread 0x00000225dfe02800 DEOPT PACKING pc=0x00000225c79a4f0d sp=0x000000724c5fee60
Event: 1.086 Thread 0x00000225dfe02800 DEOPT UNPACKING pc=0x00000225c739993f sp=0x000000724c5fe300 mode 0
Event: 1.088 Thread 0x00000225dfe02800 DEOPT PACKING pc=0x00000225c79a4f0d sp=0x000000724c5fee60
Event: 1.088 Thread 0x00000225dfe02800 DEOPT UNPACKING pc=0x00000225c739993f sp=0x000000724c5fe300 mode 0
Event: 1.090 Thread 0x00000225dfe02800 DEOPT PACKING pc=0x00000225c79a4f0d sp=0x000000724c5fee60
Event: 1.090 Thread 0x00000225dfe02800 DEOPT UNPACKING pc=0x00000225c739993f sp=0x000000724c5fe300 mode 0
Event: 1.091 Thread 0x00000225dfe02800 DEOPT PACKING pc=0x00000225c79a2f44 sp=0x000000724c5fea20
Event: 1.091 Thread 0x00000225dfe02800 DEOPT UNPACKING pc=0x00000225c739993f sp=0x000000724c5fdec0 mode 0
Event: 1.091 Thread 0x00000225dfe02800 DEOPT PACKING pc=0x00000225c79a2a1f sp=0x000000724c5fe9f0
Event: 1.091 Thread 0x00000225dfe02800 DEOPT UNPACKING pc=0x00000225c739993f sp=0x000000724c5fdec0 mode 0
Event: 1.091 Thread 0x00000225dfe02800 DEOPT PACKING pc=0x00000225c79a2a1f sp=0x000000724c5fe9f0
Event: 1.091 Thread 0x00000225dfe02800 DEOPT UNPACKING pc=0x00000225c739993f sp=0x000000724c5fdec0 mode 0
Event: 1.091 Thread 0x00000225dfe02800 DEOPT PACKING pc=0x00000225c79a2a1f sp=0x000000724c5fe9f0
Event: 1.091 Thread 0x00000225dfe02800 DEOPT UNPACKING pc=0x00000225c739993f sp=0x000000724c5fdec0 mode 0
Event: 1.092 Thread 0x00000225dfe02800 DEOPT PACKING pc=0x00000225c79a4f0d sp=0x000000724c5fee60
Event: 1.092 Thread 0x00000225dfe02800 DEOPT UNPACKING pc=0x00000225c739993f sp=0x000000724c5fe300 mode 0
Event: 1.095 Thread 0x00000225dfe02800 DEOPT PACKING pc=0x00000225c79a4f0d sp=0x000000724c5fee60
Event: 1.095 Thread 0x00000225dfe02800 DEOPT UNPACKING pc=0x00000225c739993f sp=0x000000724c5fe300 mode 0
Event: 1.098 Thread 0x00000225dfe02800 DEOPT PACKING pc=0x00000225c79bc4a0 sp=0x000000724c5fed60
Event: 1.098 Thread 0x00000225dfe02800 DEOPT UNPACKING pc=0x00000225c739993f sp=0x000000724c5fe3d0 mode 0

Classes unloaded (0 events):
No events

Classes redefined (0 events):
No events

Internal exceptions (12 events):
Event: 0.349 Thread 0x00000225beb99000 Exception <a 'java/lang/ClassNotFoundException'{0x000000076b071e50}: sun/awt/resources/spi/awtProvider> (0x000000076b071e50) 
thrown [./open/src/hotspot/share/classfile/systemDictionary.cpp, line 226]
Event: 0.406 Thread 0x00000225beb99000 Exception <a 'java/io/FileNotFoundException'{0x000000076b0bebd0}> (0x000000076b0bebd0) 
thrown [./open/src/hotspot/share/prims/jni.cpp, line 599]
Event: 0.420 Thread 0x00000225beb99000 Exception <a 'java/io/FileNotFoundException'{0x000000076b0e5150}> (0x000000076b0e5150) 
thrown [./open/src/hotspot/share/prims/jni.cpp, line 599]
Event: 0.559 Thread 0x00000225df372800 Exception <a 'java/lang/NoSuchMethodError'{0x000000076af47f20}: 'void java.lang.invoke.DirectMethodHandle$Holder.invokeSpecial(java.lang.Object, java.lang.Object)'> (0x000000076af47f20) 
thrown [./open/src/hotspot/share/interpreter/linkResolver.cpp, line 766]
Event: 0.932 Thread 0x00000225beb99000 Exception <a 'java/lang/NoSuchMethodError'{0x000000076afd6690}: 'java.lang.Object java.lang.invoke.DirectMethodHandle$Holder.invokeStatic(java.lang.Object, int, java.lang.Object, java.lang.Object, java.lang.Object, java.lang.Object)'> (0x000000076afd6690) 
thrown [./open/src/hotspot/share/interpreter/linkResolver.cpp, line 766]
Event: 0.933 Thread 0x00000225beb99000 Exception <a 'java/lang/NoSuchMethodError'{0x000000076afdcfb0}: 'java.lang.Object java.lang.invoke.DirectMethodHandle$Holder.invokeStatic(java.lang.Object, int, java.lang.Object, java.lang.Object, java.lang.Object)'> (0x000000076afdcfb0) 
thrown [./open/src/hotspot/share/interpreter/linkResolver.cpp, line 766]
Event: 0.934 Thread 0x00000225beb99000 Exception <a 'java/lang/NoSuchMethodError'{0x000000076afe0800}: 'java.lang.Object java.lang.invoke.DirectMethodHandle$Holder.invokeSpecial(java.lang.Object, java.lang.Object, int, java.lang.Object, java.lang.Object, java.lang.Object)'> (0x000000076afe0800) 
thrown [./open/src/hotspot/share/interpreter/linkResolver.cpp, line 766]
Event: 0.939 Thread 0x00000225beb99000 Exception <a 'java/lang/NoSuchMethodError'{0x000000076aff6ba8}: 'java.lang.Object java.lang.invoke.DirectMethodHandle$Holder.invokeStatic(java.lang.Object, int, java.lang.Object)'> (0x000000076aff6ba8) 
thrown [./open/src/hotspot/share/interpreter/linkResolver.cpp, line 766]
Event: 0.982 Thread 0x00000225beb99000 Exception <a 'java/lang/ClassNotFoundException'{0x000000076ae9aa70}: com/sun/swing/internal/plaf/metal/resources/spi/metalProvider> (0x000000076ae9aa70) 
thrown [./open/src/hotspot/share/classfile/systemDictionary.cpp, line 226]
Event: 0.985 Thread 0x00000225beb99000 Exception <a 'java/lang/ClassNotFoundException'{0x000000076ae9eb48}: com/sun/swing/internal/plaf/basic/resources/spi/basicProvider> (0x000000076ae9eb48) 
thrown [./open/src/hotspot/share/classfile/systemDictionary.cpp, line 226]
Event: 1.316 Thread 0x00000225beb99000 Exception <a 'java/lang/NoSuchMethodError'{0x000000076afcdbe0}: 'void java.lang.invoke.DirectMethodHandle$Holder.invokeStaticInit(java.lang.Object)'> (0x000000076afcdbe0) 
thrown [./open/src/hotspot/share/interpreter/linkResolver.cpp, line 766]
Event: 1.371 Thread 0x00000225beb99000 Exception <a 'java/lang/NoSuchMethodError'{0x000000076ae675d8}: 'java.lang.Object java.lang.invoke.Invokers$Holder.linkToTargetMethod(java.lang.Object, int, java.lang.Object)'> (0x000000076ae675d8) 
thrown [./open/src/hotspot/share/interpreter/linkResolver.cpp, line 766]

Events (20 events):
Event: 1.566 loading class java/awt/KeyboardFocusManager$LightweightFocusRequest
Event: 1.566 loading class java/awt/KeyboardFocusManager$LightweightFocusRequest done
Event: 1.566 Executing VM operation: BulkRevokeBias
Event: 1.566 Executing VM operation: BulkRevokeBias done
Event: 1.567 Executing VM operation: HandshakeOneThread
Event: 1.567 Executing VM operation: HandshakeOneThread done
Event: 1.567 Executing VM operation: HandshakeOneThread
Event: 1.567 Executing VM operation: HandshakeOneThread done
Event: 1.568 Executing VM operation: HandshakeOneThread
Event: 1.568 Executing VM operation: HandshakeOneThread done
Event: 1.568 Executing VM operation: HandshakeOneThread
Event: 1.568 Executing VM operation: HandshakeOneThread done
Event: 1.568 Executing VM operation: HandshakeOneThread
Event: 1.568 Executing VM operation: HandshakeOneThread done
Event: 1.568 loading class java/util/concurrent/locks/AbstractQueuedSynchronizer$ExclusiveNode
Event: 1.568 loading class java/util/concurrent/locks/AbstractQueuedSynchronizer$Node
Event: 1.569 loading class java/util/concurrent/locks/AbstractQueuedSynchronizer$Node done
Event: 1.569 loading class java/util/concurrent/locks/AbstractQueuedSynchronizer$ExclusiveNode done
Event: 1.582 loading class sun/font/StandardGlyphVector
Event: 1.583 Executing VM operation: CollectForMetadataAllocation


Dynamic libraries:
0x00007ff7846b0000 - 0x00007ff7846bf000 	C:\Program Files\Java\jdk-14.0.2\bin\javaw.exe
0x00007fffbd9b0000 - 0x00007fffbdba8000 	C:\Windows\SYSTEM32\ntdll.dll
0x00007fffbbe90000 - 0x00007fffbbf4d000 	C:\Windows\System32\KERNEL32.DLL
0x00007fffbb430000 - 0x00007fffbb702000 	C:\Windows\System32\KERNELBASE.dll
0x00007fffbb250000 - 0x00007fffbb350000 	C:\Windows\System32\ucrtbase.dll
0x00007fffa60f0000 - 0x00007fffa6108000 	C:\Program Files\Java\jdk-14.0.2\bin\jli.dll
0x00007fffa6070000 - 0x00007fffa6085000 	C:\Program Files\Java\jdk-14.0.2\bin\VCRUNTIME140.dll
0x00007fffbbdd0000 - 0x00007fffbbe7e000 	C:\Windows\System32\ADVAPI32.dll
0x00007fffbbc50000 - 0x00007fffbbcee000 	C:\Windows\System32\msvcrt.dll
0x00007fffbbcf0000 - 0x00007fffbbd8c000 	C:\Windows\System32\sechost.dll
0x00007fffbba10000 - 0x00007fffbbb35000 	C:\Windows\System32\RPCRT4.dll
0x00007fffbcde0000 - 0x00007fffbcf7d000 	C:\Windows\System32\USER32.dll
0x00007fffa9fd0000 - 0x00007fffaa26a000 	C:\Windows\WinSxS\amd64_microsoft.windows.common-controls_6595b64144ccf1df_6.0.19041.1110_none_60b5254171f9507e\COMCTL32.dll
0x00007fffbb0c0000 - 0x00007fffbb0e2000 	C:\Windows\System32\win32u.dll
0x00007fffbbd90000 - 0x00007fffbbdbb000 	C:\Windows\System32\GDI32.dll
0x00007fffb62c0000 - 0x00007fffb62ca000 	C:\Windows\SYSTEM32\VERSION.dll
0x00007fffbb850000 - 0x00007fffbb95f000 	C:\Windows\System32\gdi32full.dll
0x00007fffbb7b0000 - 0x00007fffbb84d000 	C:\Windows\System32\msvcp_win.dll
0x00007fffbd070000 - 0x00007fffbd0a0000 	C:\Windows\System32\IMM32.DLL
0x00007fff721a0000 - 0x00007fff7223b000 	C:\Program Files\Java\jdk-14.0.2\bin\msvcp140.dll
0x00007fff5b6e0000 - 0x00007fff5c1fe000 	C:\Program Files\Java\jdk-14.0.2\bin\server\jvm.dll
0x00007fffbbdc0000 - 0x00007fffbbdc8000 	C:\Windows\System32\PSAPI.DLL
0x00007fffb5c60000 - 0x00007fffb5c87000 	C:\Windows\SYSTEM32\WINMM.dll
0x00007fffb5980000 - 0x00007fffb5989000 	C:\Windows\SYSTEM32\WSOCK32.dll
0x00007fffbc2b0000 - 0x00007fffbc31b000 	C:\Windows\System32\WS2_32.dll
0x00007fffb8ec0000 - 0x00007fffb8ed2000 	C:\Windows\SYSTEM32\kernel.appcore.dll
0x00007fffa77c0000 - 0x00007fffa77ca000 	C:\Program Files\Java\jdk-14.0.2\bin\jimage.dll
0x00007fffa6b90000 - 0x00007fffa6d74000 	C:\Windows\SYSTEM32\DBGHELP.DLL
0x00007fffa6630000 - 0x00007fffa665c000 	C:\Windows\SYSTEM32\dbgcore.DLL
0x00007fffbb3a0000 - 0x00007fffbb422000 	C:\Windows\System32\bcryptPrimitives.dll
0x00007fffa3090000 - 0x00007fffa30b5000 	C:\Program Files\Java\jdk-14.0.2\bin\java.dll
0x00007fffa6e80000 - 0x00007fffa6e96000 	C:\Program Files\Java\jdk-14.0.2\bin\zip.dll
0x00007fffbd140000 - 0x00007fffbd883000 	C:\Windows\System32\SHELL32.dll
0x00007fffb91a0000 - 0x00007fffb9931000 	C:\Windows\SYSTEM32\windows.storage.dll
0x00007fffbbf50000 - 0x00007fffbc2a4000 	C:\Windows\System32\combase.dll
0x00007fffbaa40000 - 0x00007fffbaa70000 	C:\Windows\SYSTEM32\Wldp.dll
0x00007fffbca80000 - 0x00007fffbcb2d000 	C:\Windows\System32\SHCORE.dll
0x00007fffbcd80000 - 0x00007fffbcdd5000 	C:\Windows\System32\shlwapi.dll
0x00007fffbb000000 - 0x00007fffbb01f000 	C:\Windows\SYSTEM32\profapi.dll
0x00007fff3f510000 - 0x00007fff3f6a9000 	C:\Program Files\Java\jdk-14.0.2\bin\awt.dll
0x00007fffbc940000 - 0x00007fffbca0d000 	C:\Windows\System32\OLEAUT32.dll
0x00007fffb89c0000 - 0x00007fffb8a51000 	C:\Windows\SYSTEM32\apphelp.dll
0x00007fffb8e90000 - 0x00007fffb8ebf000 	C:\Windows\system32\DWMAPI.DLL
0x00007fffb8ac0000 - 0x00007fffb8b5e000 	C:\Windows\system32\uxtheme.dll
0x00007fff3f3e0000 - 0x00007fff3f507000 	C:\Windows\system32\opengl32.dll
0x00007fff73390000 - 0x00007fff733bc000 	C:\Windows\SYSTEM32\GLU32.dll
0x00007fffbcc60000 - 0x00007fffbcd75000 	C:\Windows\System32\MSCTF.dll
0x00007fffbcb30000 - 0x00007fffbcc5a000 	C:\Windows\System32\ole32.dll
0x00007fffb5000000 - 0x00007fffb51cf000 	C:\Windows\system32\d3d9.dll
0x00007fffb24d0000 - 0x00007fffb25d2000 	C:\Windows\System32\DriverStore\FileRepository\nv_dispi.inf_amd64_1c83a5d7cffd7bff\nvldumdx.dll
0x00007fffbabd0000 - 0x00007fffbabe2000 	C:\Windows\SYSTEM32\msasn1.dll
0x00007fffb5990000 - 0x00007fffb59c1000 	C:\Windows\SYSTEM32\cryptnet.dll
0x00007fffbb0f0000 - 0x00007fffbb246000 	C:\Windows\System32\CRYPT32.dll
0x00007fffba990000 - 0x00007fffba99c000 	C:\Windows\SYSTEM32\cryptbase.dll
0x00007fffbb710000 - 0x00007fffbb779000 	C:\Windows\System32\WINTRUST.DLL
0x00007fffbd120000 - 0x00007fffbd13d000 	C:\Windows\System32\imagehlp.dll
0x00007fffba9a0000 - 0x00007fffba9b8000 	C:\Windows\SYSTEM32\CRYPTSP.dll
0x00007fffba0c0000 - 0x00007fffba0f4000 	C:\Windows\system32\rsaenh.dll
0x00007fffbb780000 - 0x00007fffbb7a7000 	C:\Windows\System32\bcrypt.dll
0x00007fff3c650000 - 0x00007fff3e06b000 	C:\Windows\System32\DriverStore\FileRepository\nv_dispi.inf_amd64_1c83a5d7cffd7bff\nvd3dumx.dll
0x00007fff60f50000 - 0x00007fff61217000 	C:\Windows\system32\nvspcap64.dll
0x00007fffba1e0000 - 0x00007fffba213000 	C:\Windows\SYSTEM32\ntmarta.dll
0x00007fffb9950000 - 0x00007fffb9973000 	C:\Windows\SYSTEM32\gpapi.dll
0x00007fffafcb0000 - 0x00007fffafceb000 	C:\Windows\SYSTEM32\dxcore.dll
0x00007fffbb350000 - 0x00007fffbb39e000 	C:\Windows\System32\cfgmgr32.dll
0x00007fff70470000 - 0x00007fff7049d000 	C:\Program Files\Java\jdk-14.0.2\bin\javajpeg.dll
0x00007fff51080000 - 0x00007fff51102000 	C:\Program Files\Java\jdk-14.0.2\bin\freetype.dll
0x00007fff3f330000 - 0x00007fff3f3d6000 	C:\Program Files\Java\jdk-14.0.2\bin\fontmanager.dll
0x00007fffaf830000 - 0x00007fffaf929000 	C:\Windows\SYSTEM32\textinputframework.dll
0x00007fffb8760000 - 0x00007fffb8852000 	C:\Windows\System32\CoreMessaging.dll
0x00007fffb8400000 - 0x00007fffb875e000 	C:\Windows\System32\CoreUIComponents.dll
0x00007fffb7d30000 - 0x00007fffb7e84000 	C:\Windows\SYSTEM32\wintypes.dll
0x00007fffa6150000 - 0x00007fffa6169000 	C:\Program Files\Java\jdk-14.0.2\bin\net.dll
0x00007fffb48b0000 - 0x00007fffb49bd000 	C:\Windows\SYSTEM32\WINHTTP.dll
0x00007fffba7a0000 - 0x00007fffba80a000 	C:\Windows\system32\mswsock.dll
0x00007fffa6090000 - 0x00007fffa60a2000 	C:\Program Files\Java\jdk-14.0.2\bin\nio.dll

dbghelp: loaded successfully - version: 4.0.5 - missing functions: none
symbol engine: initialized successfully - sym options: 0x614 - pdb path: .;C:\Program Files\Java\jdk-14.0.2\bin;C:\Windows\SYSTEM32;C:\Windows\WinSxS\amd64_microsoft.windows.common-controls_6595b64144ccf1df_6.0.19041.1110_none_60b5254171f9507e;C:\Program Files\Java\jdk-14.0.2\bin\server;C:\Windows\System32\DriverStore\FileRepository\nv_dispi.inf_amd64_1c83a5d7cffd7bff

VM Arguments:
jvm_args: -Dfile.encoding=Cp1252 -XX:+ShowCodeDetailsInExceptionMessages 
java_command: Main.Main
java_class_path (initial): C:\Users\oneph\eclipse-workspace\Java Swing\bin
Launcher Type: SUN_STANDARD

[Global flags]
     intx CICompilerCount                          = 3                                         {product} {ergonomic}
     uint ConcGCThreads                            = 1                                         {product} {ergonomic}
     uint G1ConcRefinementThreads                  = 4                                         {product} {ergonomic}
   size_t G1HeapRegionSize                         = 1048576                                   {product} {ergonomic}
    uintx GCDrainStackTargetSize                   = 64                                        {product} {ergonomic}
   size_t InitialHeapSize                          = 167772160                                 {product} {ergonomic}
   size_t MarkStackSize                            = 4194304                                   {product} {ergonomic}
   size_t MaxHeapSize                              = 2665480192                                {product} {ergonomic}
   size_t MaxNewSize                               = 1599078400                                {product} {ergonomic}
   size_t MinHeapDeltaBytes                        = 1048576                                   {product} {ergonomic}
   size_t MinHeapSize                              = 8388608                                   {product} {ergonomic}
    uintx NonNMethodCodeHeapSize                   = 5832780                                {pd product} {ergonomic}
    uintx NonProfiledCodeHeapSize                  = 122912730                              {pd product} {ergonomic}
    uintx ProfiledCodeHeapSize                     = 122912730                              {pd product} {ergonomic}
    uintx ReservedCodeCacheSize                    = 251658240                              {pd product} {ergonomic}
     bool SegmentedCodeCache                       = true                                      {product} {ergonomic}
     bool ShowCodeDetailsInExceptionMessages       = true                                   {manageable} {command line}
   size_t SoftMaxHeapSize                          = 2665480192                             {manageable} {ergonomic}
     bool UseCompressedClassPointers               = true                                 {lp64_product} {ergonomic}
     bool UseCompressedOops                        = true                                 {lp64_product} {ergonomic}
     bool UseG1GC                                  = true                                      {product} {ergonomic}
     bool UseLargePagesIndividualAllocation        = false                                  {pd product} {ergonomic}

Logging:
Log output configuration:
 #0: stdout all=warning uptime,level,tags
 #1: stderr all=off uptime,level,tags

Environment Variables:
JAVA_HOME=C:\Program Files\Java\jdk-14.0.2
PATH=C:/Program Files/Java/jdk-14.0.2/bin/server;C:/Program Files/Java/jdk-14.0.2/bin;C:\Python39\Scripts\;C:\Python39\;C:\Python38\Scripts\;C:\Python38\;C:\Program Files (x86)\Common Files\Oracle\Java\javapath;C:\Windows\system32;C:\Windows;C:\Windows\System32\Wbem;C:\Windows\System32\WindowsPowerShell\v1.0\;C:\Windows\System32\OpenSSH\;C:\Program Files\Microsoft SQL Server\130\Tools\Binn\;C:\Program Files\Microsoft SQL Server\Client SDK\ODBC\170\Tools\Binn\;C:\Program Files (x86)\Microsoft SQL Server\150\Tools\Binn\;C:\Program Files\Microsoft SQL Server\150\Tools\Binn\;C:\Program Files\Microsoft SQL Server\150\DTS\Binn\;C:\Program Files (x86)\Microsoft SQL Server\150\DTS\Binn\;C:\Program Files\Git\cmd;C:\ProgramData\chocolatey\bin;C:\Program Files\apache-maven-3.6.3\bin;C:\Program Files\Java\jdk-14.0.2\bin;C:\Program Files\dotnet\;C:\Program Files\Microsoft SQL Server\Client SDK\ODBC\130\Tools\Binn\;C:\Program Files (x86)\Microsoft SQL Server\140\Tools\Binn\;C:\Program Files\Microsoft SQL Server\140\Tools\Binn\;C:\Program Files\Microsoft SQL Server\140\DTS\Binn\;C:\Program Files\Azure Data Studio\bin;C:\Program Files (x86)\dotnet\;C:\Program Files\NVIDIA Corporation\NVIDIA NvDLISR;C:\Program Files (x86)\NVIDIA Corporation\PhysX\Common;C:\Program Files\nodejs\;C:\Users\oneph\AppData\Local\Microsoft\WindowsApps;C:\Users\oneph\AppData\Local\Programs\Microsoft VS Code\bin;C:\Users\oneph\.dotnet\tools;C:\Users\oneph\.dotnet\tools;C:\Program Files\Azure Data Studio\bin;C:\Users\oneph\AppData\Roaming\npm;C:\Windows\System32;
USERNAME=oneph
OS=Windows_NT
PROCESSOR_IDENTIFIER=Intel64 Family 6 Model 37 Stepping 5, GenuineIntel



---------------  S Y S T E M  ---------------

OS: Windows 10 , 64 bit Build 19041 (10.0.19041.1889)
OS uptime: 1 days 9:45 hours

CPU:total 4 (initial active 4) (2 cores per cpu, 2 threads per core) family 6 model 37 stepping 5, cmov, cx8, fxsr, mmx, sse, sse2, sse3, ssse3, sse4.1, sse4.2, popcnt, ht, tsc, tscinvbit

Memory: 4k page, system-wide physical 10166M (138M free)
TotalPageFile size 40886M (AvailPageFile size 4M)
current process WorkingSet (physical memory assigned to process): 95M, peak: 95M
current process commit charge ("private bytes"): 271M, peak: 272M

vm_info: Java HotSpot(TM) 64-Bit Server VM (14.0.2+12-46) for windows-amd64 JRE (14.0.2+12-46), built on Jul  9 2020 00:35:52 by "mach5one" with MS VC++ 15.9 (VS2017)

END.
